#
# A fatal error has been detected by the Java Runtime Environment:
#
#  SIGSEGV (0xb) at pc=0x00000001079548a4, pid=8336, tid=7683
#
# JRE version: Java(TM) SE Runtime Environment (7.0_12-b08) (build 1.7.0_12-ea-b08)
# Java VM: Java HotSpot(TM) 64-Bit Server VM (24.0-b28 mixed mode bsd-amd64 compressed oops)
# Problematic frame:
# C  [libjcc.dylib+0x58a4]  _ZN6JCCEnv12setClassPathEPKc+0x24
#
# Failed to write core dump. Core dumps have been disabled. To enable core dumping, try "ulimit -c unlimited" before starting Java again
#
# If you would like to submit a bug report, please visit:
#   http://bugreport.sun.com/bugreport/crash.jsp
#

---------------  T H R E A D  ---------------

Current thread is native thread

siginfo:si_signo=SIGSEGV: si_errno=0, si_code=1 (SEGV_MAPERR), si_addr=0x0000000000000000

Registers:
RAX=0x0000000000000000, RBX=0x0000000000000000, RCX=0x00007f87ccb5a800, RDX=0xcce48b9e9ec91acc
RSP=0x0000000109eb22d0, RBP=0x0000000109eb2310, RSI=0x00007f87ccb12a24, RDI=0x0000000000000107
R8 =0x0000000000000048, R9 =0xcce48b9e9ec91acc, R10=0x0000000000000048, R11=0x00000000041afa28
R12=0x00000001068d2ad0, R13=0x00007f87cc689490, R14=0x0000000103596050, R15=0x0000000000000000
RIP=0x00000001079548a4, EFLAGS=0x0000000000010202, ERR=0x0000000000000004
  TRAPNO=0x000000000000000e

Top of Stack: (sp=0x0000000109eb22d0)
0x0000000109eb22d0:   0000000000000000 00007f87ccb12a24
0x0000000109eb22e0:   0000000109eb2310 00007f87ccb12a00
0x0000000109eb22f0:   00000001068d2ad0 00007f87cc689490
0x0000000109eb2300:   0000000103596050 0000000000000000
0x0000000109eb2310:   0000000109eb2600 000000010794fff2
0x0000000109eb2320:   0000000109eb2588 0000000109eb2580
0x0000000109eb2330:   0000000109eb2578 0000000000000000
0x0000000109eb2340:   0000000000000000 0000000000000000
0x0000000109eb2350:   0000000000000000 0000000000000000
0x0000000109eb2360:   0000000000000000 0000000000000000
0x0000000109eb2370:   0000000109eb2458 0000000000000000
0x0000000109eb2380:   0000000000000000 0000000000000000
0x0000000109eb2390:   00000001034df84a 00000001034df84b
0x0000000109eb23a0:   0000000109eb23b0 00000001034561cf
0x0000000109eb23b0:   0000000109eb2410 00000001034484b7
0x0000000109eb23c0:   000000016ae8b418 0000000000000000
0x0000000109eb23d0:   0000000000000007 0000000000000000
0x0000000109eb23e0:   0000000000000001 00000001034df844
0x0000000109eb23f0:   0000000109eb2510 0000000103511390
0x0000000109eb2400:   0000000109eb2490 00000001034a54fc
0x0000000109eb2410:   0000000109eb2508 0000000103448b01
0x0000000109eb2420:   0000000109eb2598 0000000103454bc1
0x0000000109eb2430:   0000000000000000 0000000000000000
0x0000000109eb2440:   000000016ae8b418 0000000000000001
0x0000000109eb2450:   000000016ae8b418 00000001034df84b
0x0000000109eb2460:   0000000109eb2490 0000000000000003
0x0000000109eb2470:   0000000000000003 0000000000000002
0x0000000109eb2480:   0000000000000000 0000000103511390
0x0000000109eb2490:   0000000109eb27d0 00000001034a4ef6
0x0000000109eb24a0:   0000000000000200 0000000109eb2508
0x0000000109eb24b0:   0000000000000000 0000000000000000
0x0000000109eb24c0:   00000001034df84d 0000000103596050 

Instructions: (pc=0x00000001079548a4)
0x0000000107954884:   41 57 41 56 41 55 41 54 53 48 83 ec 18 48 89 75
0x0000000107954894:   c8 48 8b 3d 94 2e 00 00 e8 a7 15 00 00 48 89 c3
0x00000001079548a4:   48 8b 03 48 8d 35 14 24 00 00 48 89 df ff 50 30
0x00000001079548b4:   49 89 c7 48 8b 03 48 8d 35 19 24 00 00 48 89 df 

Register to memory mapping:

RAX=0x0000000000000000 is an unknown value
RBX=0x0000000000000000 is an unknown value
RCX=0x00007f87ccb5a800 is an unknown value
RDX=0xcce48b9e9ec91acc is an unknown value
RSP=0x0000000109eb22d0 is an unknown value
RBP=0x0000000109eb2310 is an unknown value
RSI=0x00007f87ccb12a24 is an unknown value
RDI=0x0000000000000107 is an unknown value
R8 =0x0000000000000048 is an unknown value
R9 =0xcce48b9e9ec91acc is an unknown value
R10=0x0000000000000048 is an unknown value
R11=0x00000000041afa28 is an unknown value
R12=0x00000001068d2ad0 is an unknown value
R13=0x00007f87cc689490 is an unknown value
R14=0x0000000103596050 is an unknown value
R15=0x0000000000000000 is an unknown value


Stack: [0x0000000109ab8000,0x0000000109eb8000],  sp=0x0000000109eb22d0,  free space=4072k
Native frames: (J=compiled Java code, j=interpreted, Vv=VM code, C=native code)
C  [libjcc.dylib+0x58a4]  _ZN6JCCEnv12setClassPathEPKc+0x24
C  [libjcc.dylib+0xff2]  _Z6initVMP7_objectS0_S0_+0x6a7
C  [_lucene.so+0x1476]  _Z14__initialize__P7_objectS0_S0_+0x12
C  [Python+0x8214d]  PyEval_EvalFrameEx+0x1f90
C  [Python+0x80093]  PyEval_EvalCodeEx+0x669
C  [Python+0x27796]  PyFunction_SetClosure+0x329
C  [Python+0x9f72]  PyObject_Call+0x65
C  [Python+0x149a7]  PyMethod_New+0x4b0
C  [Python+0x9f72]  PyObject_Call+0x65
C  [Python+0x4f6ce]  _PyObject_SlotCompare+0x15bd
C  [Python+0x4b184]  _PyType_Lookup+0x53f
C  [Python+0x9f72]  PyObject_Call+0x65
C  [Python+0x83df5]  PyEval_EvalFrameEx+0x3c38
C  [Python+0x86864]  _PyEval_SliceIndex+0x33d
C  [Python+0x834d4]  PyEval_EvalFrameEx+0x3317
C  [Python+0x80093]  PyEval_EvalCodeEx+0x669
C  [Python+0x27796]  PyFunction_SetClosure+0x329
C  [Python+0x9f72]  PyObject_Call+0x65
C  [Python+0x84395]  PyEval_EvalFrameEx+0x41d8
C  [Python+0x80093]  PyEval_EvalCodeEx+0x669
C  [Python+0x27796]  PyFunction_SetClosure+0x329
C  [Python+0x9f72]  PyObject_Call+0x65
C  [Python+0x149a7]  PyMethod_New+0x4b0
C  [Python+0x9f72]  PyObject_Call+0x65
C  [Python+0x4ecad]  _PyObject_SlotCompare+0xb9c
C  [Python+0x9f72]  PyObject_Call+0x65
C  [Python+0x84395]  PyEval_EvalFrameEx+0x41d8
C  [Python+0x80093]  PyEval_EvalCodeEx+0x669
C  [Python+0x27796]  PyFunction_SetClosure+0x329
C  [Python+0x9f72]  PyObject_Call+0x65
C  [Python+0x149a7]  PyMethod_New+0x4b0
C  [Python+0x9f72]  PyObject_Call+0x65
C  [Python+0x13c70]  _PyInstance_Lookup+0x6fe
C  [Python+0x9f72]  PyObject_Call+0x65
C  [Python+0x83df5]  PyEval_EvalFrameEx+0x3c38
C  [Python+0x86864]  _PyEval_SliceIndex+0x33d
C  [Python+0x834d4]  PyEval_EvalFrameEx+0x3317
C  [Python+0x86864]  _PyEval_SliceIndex+0x33d
C  [Python+0x834d4]  PyEval_EvalFrameEx+0x3317
C  [Python+0x86864]  _PyEval_SliceIndex+0x33d
C  [Python+0x834d4]  PyEval_EvalFrameEx+0x3317
C  [Python+0x80093]  PyEval_EvalCodeEx+0x669
C  [Python+0x27796]  PyFunction_SetClosure+0x329
C  [Python+0x9f72]  PyObject_Call+0x65
C  [Python+0x149a7]  PyMethod_New+0x4b0
C  [Python+0x9f72]  PyObject_Call+0x65
C  [Python+0x4f6ce]  _PyObject_SlotCompare+0x15bd
C  [Python+0x4b184]  _PyType_Lookup+0x53f
C  [Python+0x9f72]  PyObject_Call+0x65
C  [Python+0x83df5]  PyEval_EvalFrameEx+0x3c38
C  [Python+0x86864]  _PyEval_SliceIndex+0x33d
C  [Python+0x834d4]  PyEval_EvalFrameEx+0x3317
C  [Python+0x80093]  PyEval_EvalCodeEx+0x669
C  [Python+0x27796]  PyFunction_SetClosure+0x329
C  [Python+0x9f72]  PyObject_Call+0x65
C  [Python+0x149a7]  PyMethod_New+0x4b0
C  [Python+0x9f72]  PyObject_Call+0x65
C  [Python+0x4ecad]  _PyObject_SlotCompare+0xb9c
C  [Python+0x9f72]  PyObject_Call+0x65
C  [Python+0x84395]  PyEval_EvalFrameEx+0x41d8
C  [Python+0x80093]  PyEval_EvalCodeEx+0x669
C  [Python+0x868c8]  _PyEval_SliceIndex+0x3a1
C  [Python+0x834d4]  PyEval_EvalFrameEx+0x3317
C  [Python+0x80093]  PyEval_EvalCodeEx+0x669
C  [Python+0x27796]  PyFunction_SetClosure+0x329
C  [Python+0x9f72]  PyObject_Call+0x65
C  [Python+0x149a7]  PyMethod_New+0x4b0
C  [Python+0x9f72]  PyObject_Call+0x65
C  [Python+0x4f6ce]  _PyObject_SlotCompare+0x15bd
C  [Python+0x4b184]  _PyType_Lookup+0x53f
C  [Python+0x9f72]  PyObject_Call+0x65
C  [Python+0x83df5]  PyEval_EvalFrameEx+0x3c38
C  [Python+0x80093]  PyEval_EvalCodeEx+0x669
C  [Python+0x27796]  PyFunction_SetClosure+0x329
C  [Python+0x9f72]  PyObject_Call+0x65
C  [Python+0x149a7]  PyMethod_New+0x4b0
C  [Python+0x9f72]  PyObject_Call+0x65
C  [Python+0x4ecad]  _PyObject_SlotCompare+0xb9c
C  [Python+0x9f72]  PyObject_Call+0x65
C  [Python+0x83df5]  PyEval_EvalFrameEx+0x3c38
C  [Python+0x80093]  PyEval_EvalCodeEx+0x669
C  [Python+0x27796]  PyFunction_SetClosure+0x329
C  [Python+0x9f72]  PyObject_Call+0x65
C  [Python+0x149a7]  PyMethod_New+0x4b0
C  [Python+0x9f72]  PyObject_Call+0x65
C  [Python+0x4ecad]  _PyObject_SlotCompare+0xb9c
C  [Python+0x9f72]  PyObject_Call+0x65
C  [Python+0x83df5]  PyEval_EvalFrameEx+0x3c38
C  [Python+0x80093]  PyEval_EvalCodeEx+0x669
C  [Python+0x27796]  PyFunction_SetClosure+0x329
C  [Python+0x9f72]  PyObject_Call+0x65
C  [Python+0x149a7]  PyMethod_New+0x4b0
C  [Python+0x9f72]  PyObject_Call+0x65
C  [Python+0x4ecad]  _PyObject_SlotCompare+0xb9c
C  [Python+0x9f72]  PyObject_Call+0x65
C  [Python+0x83df5]  PyEval_EvalFrameEx+0x3c38
C  [Python+0x80093]  PyEval_EvalCodeEx+0x669
C  [Python+0x27796]  PyFunction_SetClosure+0x329
C  [Python+0x9f72]  PyObject_Call+0x65
C  [Python+0x149a7]  PyMethod_New+0x4b0
...<more frames>...


---------------  P R O C E S S  ---------------

VM state:not at safepoint (normal execution)

VM Mutex/Monitor currently owned by a thread: None

Heap
 PSYoungGen      total 22848K, used 6791K [0x0000000147110000, 0x0000000149db0000, 0x0000000160860000)
  eden space 19648K, 18% used [0x0000000147110000,0x0000000147491d10,0x0000000148440000)
  from space 3200K, 99% used [0x0000000148440000,0x000000014875ff30,0x0000000148760000)
  to   space 3200K, 0% used [0x0000000149a90000,0x0000000149a90000,0x0000000149db0000)
 ParOldGen       total 52096K, used 4540K [0x0000000114260000, 0x0000000117540000, 0x0000000147110000)
  object space 52096K, 8% used [0x0000000114260000,0x00000001146cf178,0x0000000117540000)
 PSPermGen       total 21248K, used 8910K [0x000000010f060000, 0x0000000110520000, 0x0000000114260000)
  object space 21248K, 41% used [0x000000010f060000,0x000000010f913960,0x0000000110520000)

Card table byte_map: [0x0000000160860000,0x0000000160aed000] byte_map_base: 0x000000015ffe7d00

Polling page: 0x00000001035d6000

Code Cache  [0x000000010bf86000, 0x000000010c1f6000, 0x000000010ef86000)
 total_blobs=319 nmethods=38 adapters=235 free_code_cache=48654Kb largest_free_block=49813632

Compilation events (10 events):
Event: 0.484 Thread 0x00007f87cb10f000   34   
Event: 0.487 Thread 0x00007f87cb10f000 nmethod 34 0x000000010bffd650 code [0x000000010bffd7a0, 0x000000010bffda38]
Event: 0.494 Thread 0x00007f87cb10d000   35   
Event: 0.497 Thread 0x00007f87cb10d000 nmethod 35 0x000000010bffe410 code [0x000000010bffe560, 0x000000010bffe7d8]
Event: 0.502 Thread 0x00007f87cb10f000   36   
Event: 0.505 Thread 0x00007f87cb10f000 nmethod 36 0x000000010c003990 code [0x000000010c003ae0, 0x000000010c003d78]
Event: 0.527 Thread 0x00007f87cb10d000   37   
Event: 0.527 Thread 0x00007f87cb10f000   38   
Event: 0.528 Thread 0x00007f87cb10f000 nmethod 38 0x000000010bffdbd0 code [0x000000010bffdd20, 0x000000010bffde58]
Event: 0.531 Thread 0x00007f87cb10d000 nmethod 37 0x000000010c003f10 code [0x000000010c004080, 0x000000010c004458]

GC Heap History (2 events):
Event: 0.445 GC heap before
{Heap before GC invocations=1 (full 0):
 PSYoungGen      total 22848K, used 19648K [0x0000000147110000, 0x0000000148a80000, 0x0000000160860000)
  eden space 19648K, 100% used [0x0000000147110000,0x0000000148440000,0x0000000148440000)
  from space 3200K, 0% used [0x0000000148760000,0x0000000148760000,0x0000000148a80000)
  to   space 3200K, 0% used [0x0000000148440000,0x0000000148440000,0x0000000148760000)
 ParOldGen       total 52096K, used 0K [0x0000000114260000, 0x0000000117540000, 0x0000000147110000)
  object space 52096K, 0% used [0x0000000114260000,0x0000000114260000,0x0000000117540000)
 PSPermGen       total 21248K, used 6692K [0x000000010f060000, 0x0000000110520000, 0x0000000114260000)
  object space 21248K, 31% used [0x000000010f060000,0x000000010f6e90a0,0x0000000110520000)
Event: 0.450 GC heap after
Heap after GC invocations=1 (full 0):
 PSYoungGen      total 22848K, used 3199K [0x0000000147110000, 0x0000000149db0000, 0x0000000160860000)
  eden space 19648K, 0% used [0x0000000147110000,0x0000000147110000,0x0000000148440000)
  from space 3200K, 99% used [0x0000000148440000,0x000000014875ff30,0x0000000148760000)
  to   space 3200K, 0% used [0x0000000149a90000,0x0000000149a90000,0x0000000149db0000)
 ParOldGen       total 52096K, used 4540K [0x0000000114260000, 0x0000000117540000, 0x0000000147110000)
  object space 52096K, 8% used [0x0000000114260000,0x00000001146cf178,0x0000000117540000)
 PSPermGen       total 21248K, used 6692K [0x000000010f060000, 0x0000000110520000, 0x0000000114260000)
  object space 21248K, 31% used [0x000000010f060000,0x000000010f6e90a0,0x0000000110520000)
}

Deoptimization events (1 events):
Event: 0.453 Thread 0x00007f87cb874800 Uncommon trap -12 fr.pc 0x000000010bfeb6e8

Internal exceptions (10 events):
Event: 0.567 Thread 0x00007f87cb874800 Threw 0x00000001473fed58 at /HUDSON/workspace/jdk7u12-2-build-macosx-amd64-product/jdk7u12/hotspot/src/share/vm/prims/jvm.cpp:1171
Event: 0.576 Thread 0x00007f87cb874800 Threw 0x0000000147432948 at /HUDSON/workspace/jdk7u12-2-build-macosx-amd64-product/jdk7u12/hotspot/src/share/vm/prims/jvm.cpp:1171
Event: 0.577 Thread 0x00007f87cb874800 Threw 0x0000000147437fd0 at /HUDSON/workspace/jdk7u12-2-build-macosx-amd64-product/jdk7u12/hotspot/src/share/vm/prims/jvm.cpp:1171
Event: 0.578 Thread 0x00007f87cb874800 Threw 0x000000014743e308 at /HUDSON/workspace/jdk7u12-2-build-macosx-amd64-product/jdk7u12/hotspot/src/share/vm/prims/jvm.cpp:1171
Event: 0.578 Thread 0x00007f87cb874800 Threw 0x0000000147444038 at /HUDSON/workspace/jdk7u12-2-build-macosx-amd64-product/jdk7u12/hotspot/src/share/vm/prims/jvm.cpp:1171
Event: 0.579 Thread 0x00007f87cb874800 Threw 0x000000014744a5e8 at /HUDSON/workspace/jdk7u12-2-build-macosx-amd64-product/jdk7u12/hotspot/src/share/vm/prims/jvm.cpp:1171
Event: 0.579 Thread 0x00007f87cb874800 Threw 0x0000000147451520 at /HUDSON/workspace/jdk7u12-2-build-macosx-amd64-product/jdk7u12/hotspot/src/share/vm/prims/jvm.cpp:1171
Event: 0.580 Thread 0x00007f87cb874800 Threw 0x0000000147458168 at /HUDSON/workspace/jdk7u12-2-build-macosx-amd64-product/jdk7u12/hotspot/src/share/vm/prims/jvm.cpp:1171
Event: 0.581 Thread 0x00007f87cb874800 Threw 0x0000000147460a18 at /HUDSON/workspace/jdk7u12-2-build-macosx-amd64-product/jdk7u12/hotspot/src/share/vm/prims/jvm.cpp:1171
Event: 0.582 Thread 0x00007f87cb874800 Threw 0x0000000147468670 at /HUDSON/workspace/jdk7u12-2-build-macosx-amd64-product/jdk7u12/hotspot/src/share/vm/prims/jvm.cpp:1171

Events (10 events):
Event: 0.580 loading class 0x00000001051c4020
Event: 0.580 loading class 0x00000001051c4020 done
Event: 0.580 loading class 0x00007f87cc358700
Event: 0.580 loading class 0x00007f87cc358700 done
Event: 0.581 loading class 0x00007f87cc381a10
Event: 0.581 loading class 0x00007f87cc381a10 done
Event: 0.582 loading class 0x00007f87cc7a2d10
Event: 0.582 loading class 0x00007f87cc7a2d10 done
Event: 4.083 Executing VM operation: EnableBiasedLocking
Event: 4.083 Executing VM operation: EnableBiasedLocking done


Dynamic libraries:
0x0000000103415000 	/System/Library/Frameworks/Python.framework/Versions/2.7/Python
0x000000000a2a0000 	/usr/lib/libSystem.B.dylib
0x000000000a2a0000 	/System/Library/Frameworks/CoreFoundation.framework/Versions/A/CoreFoundation
0x000000000a2a0000 	/usr/lib/system/libcache.dylib
0x000000000a2a0000 	/usr/lib/system/libcommonCrypto.dylib
0x000000000a2a0000 	/usr/lib/system/libcompiler_rt.dylib
0x000000000a2a0000 	/usr/lib/system/libcopyfile.dylib
0x000000000a2a0000 	/usr/lib/system/libcorecrypto.dylib
0x000000000a2a0000 	/usr/lib/system/libdispatch.dylib
0x000000000a2a0000 	/usr/lib/system/libdyld.dylib
0x000000000a2a0000 	/usr/lib/system/libkeymgr.dylib
0x000000000a2a0000 	/usr/lib/system/liblaunch.dylib
0x000000000a2a0000 	/usr/lib/system/libmacho.dylib
0x000000000a2a0000 	/usr/lib/system/libquarantine.dylib
0x000000000a2a0000 	/usr/lib/system/libremovefile.dylib
0x000000000a2a0000 	/usr/lib/system/libsystem_asl.dylib
0x000000000a2a0000 	/usr/lib/system/libsystem_blocks.dylib
0x000000000a2a0000 	/usr/lib/system/libsystem_c.dylib
0x000000000a2a0000 	/usr/lib/system/libsystem_configuration.dylib
0x000000000a2a0000 	/usr/lib/system/libsystem_dnssd.dylib
0x000000000a2a0000 	/usr/lib/system/libsystem_info.dylib
0x000000000a2a0000 	/usr/lib/system/libsystem_kernel.dylib
0x000000000a2a0000 	/usr/lib/system/libsystem_m.dylib
0x000000000a2a0000 	/usr/lib/system/libsystem_malloc.dylib
0x000000000a2a0000 	/usr/lib/system/libsystem_network.dylib
0x000000000a2a0000 	/usr/lib/system/libsystem_notify.dylib
0x000000000a2a0000 	/usr/lib/system/libsystem_platform.dylib
0x000000000a2a0000 	/usr/lib/system/libsystem_pthread.dylib
0x000000000a2a0000 	/usr/lib/system/libsystem_sandbox.dylib
0x000000000a2a0000 	/usr/lib/system/libsystem_stats.dylib
0x000000000a2a0000 	/usr/lib/system/libunc.dylib
0x000000000a2a0000 	/usr/lib/system/libunwind.dylib
0x000000000a2a0000 	/usr/lib/system/libxpc.dylib
0x000000000a2a0000 	/usr/lib/libobjc.A.dylib
0x000000000a2a0000 	/usr/lib/libauto.dylib
0x000000000a2a0000 	/usr/lib/libc++abi.dylib
0x000000000a2a0000 	/usr/lib/libc++.1.dylib
0x000000000a2a0000 	/usr/lib/libDiagnosticMessagesClient.dylib
0x000000000a2a0000 	/usr/lib/libicucore.A.dylib
0x000000000a2a0000 	/usr/lib/libz.1.dylib
0x0000000103707000 	/System/Library/Frameworks/Python.framework/Versions/2.7/lib/python2.7/lib-dynload/_collections.so
0x000000010370f000 	/System/Library/Frameworks/Python.framework/Versions/2.7/lib/python2.7/lib-dynload/operator.so
0x0000000103718000 	/System/Library/Frameworks/Python.framework/Versions/2.7/lib/python2.7/lib-dynload/itertools.so
0x0000000103725000 	/System/Library/Frameworks/Python.framework/Versions/2.7/lib/python2.7/lib-dynload/_heapq.so
0x000000010372b000 	/System/Library/Frameworks/Python.framework/Versions/2.7/lib/python2.7/lib-dynload/time.so
0x0000000103733000 	/System/Library/Frameworks/Python.framework/Versions/2.7/lib/python2.7/lib-dynload/cStringIO.so
0x0000000103739000 	/System/Library/Frameworks/Python.framework/Versions/2.7/lib/python2.7/lib-dynload/_struct.so
0x0000000103742000 	/System/Library/Frameworks/Python.framework/Versions/2.7/lib/python2.7/lib-dynload/binascii.so
0x0000000103788000 	/System/Library/Frameworks/Python.framework/Versions/2.7/lib/python2.7/lib-dynload/_hashlib.so
0x000000000a2a0000 	/usr/lib/libssl.0.9.8.dylib
0x000000000a2a0000 	/usr/lib/libcrypto.0.9.8.dylib
0x000000000a2a0000 	/System/Library/PrivateFrameworks/TrustEvaluationAgent.framework/Versions/A/TrustEvaluationAgent
0x000000010378e000 	/System/Library/Frameworks/Python.framework/Versions/2.7/lib/python2.7/lib-dynload/strop.so
0x0000000103797000 	/System/Library/Frameworks/Python.framework/Versions/2.7/lib/python2.7/lib-dynload/_socket.so
0x00000001037a8000 	/System/Library/Frameworks/Python.framework/Versions/2.7/lib/python2.7/lib-dynload/_functools.so
0x00000001037ad000 	/System/Library/Frameworks/Python.framework/Versions/2.7/lib/python2.7/lib-dynload/_ssl.so
0x00000001037f6000 	/System/Library/Frameworks/Python.framework/Versions/2.7/lib/python2.7/lib-dynload/_scproxy.so
0x000000000a2a0000 	/System/Library/Frameworks/SystemConfiguration.framework/Versions/A/SystemConfiguration
0x000000000a2a0000 	/usr/lib/libbsm.0.dylib
0x00000001037fb000 	/System/Library/Frameworks/Python.framework/Versions/2.7/lib/python2.7/lib-dynload/array.so
0x0000000103845000 	/System/Library/Frameworks/Python.framework/Versions/2.7/lib/python2.7/lib-dynload/_io.so
0x0000000103922000 	/System/Library/Frameworks/Python.framework/Versions/2.7/lib/python2.7/lib-dynload/math.so
0x000000010392b000 	/System/Library/Frameworks/Python.framework/Versions/2.7/lib/python2.7/lib-dynload/_random.so
0x0000000103930000 	/System/Library/Frameworks/Python.framework/Versions/2.7/lib/python2.7/lib-dynload/fcntl.so
0x0000000103935000 	/System/Library/Frameworks/Python.framework/Versions/2.7/lib/python2.7/lib-dynload/_bisect.so
0x0000000103939000 	/System/Library/Frameworks/Python.framework/Versions/2.7/lib/python2.7/lib-dynload/cPickle.so
0x000000010398a000 	/System/Library/Frameworks/Python.framework/Versions/2.7/lib/python2.7/lib-dynload/select.so
0x0000000103992000 	/System/Library/Frameworks/Python.framework/Versions/2.7/lib/python2.7/lib-dynload/datetime.so
0x00000001039e4000 	/System/Library/Frameworks/Python.framework/Versions/2.7/lib/python2.7/lib-dynload/_locale.so
0x00000001039e9000 	/System/Library/Frameworks/Python.framework/Versions/2.7/lib/python2.7/lib-dynload/_json.so
0x0000000103b32000 	/System/Library/Frameworks/Python.framework/Versions/2.7/lib/python2.7/lib-dynload/grp.so
0x0000000103bb6000 	/System/Library/Frameworks/Python.framework/Versions/2.7/lib/python2.7/lib-dynload/_elementtree.so
0x000000000a2a0000 	/usr/lib/libexpat.1.dylib
0x0000000103c00000 	/System/Library/Frameworks/Python.framework/Versions/2.7/lib/python2.7/lib-dynload/pyexpat.so
0x0000000103c8a000 	/System/Library/Frameworks/Python.framework/Versions/2.7/Extras/lib/python/numpy/core/multiarray.so
0x0000000103d3f000 	/System/Library/Frameworks/Python.framework/Versions/2.7/Extras/lib/python/numpy/core/umath.so
0x0000000103d81000 	/System/Library/Frameworks/Python.framework/Versions/2.7/Extras/lib/python/numpy/core/_sort.so
0x0000000103dd7000 	/System/Library/Frameworks/Python.framework/Versions/2.7/Extras/lib/python/numpy/core/_dotblas.so
0x000000000a2a0000 	/System/Library/Frameworks/Accelerate.framework/Versions/A/Accelerate
0x000000000a2a0000 	/System/Library/Frameworks/Accelerate.framework/Versions/A/Frameworks/vImage.framework/Versions/A/vImage
0x000000000a2a0000 	/System/Library/Frameworks/Accelerate.framework/Versions/A/Frameworks/vecLib.framework/Versions/A/vecLib
0x000000000a2a0000 	/System/Library/Frameworks/Accelerate.framework/Versions/A/Frameworks/vecLib.framework/Versions/A/libvDSP.dylib
0x000000000a2a0000 	/System/Library/Frameworks/Accelerate.framework/Versions/A/Frameworks/vecLib.framework/Versions/A/libvMisc.dylib
0x000000000a2a0000 	/System/Library/Frameworks/Accelerate.framework/Versions/A/Frameworks/vecLib.framework/Versions/A/libLAPACK.dylib
0x000000000a2a0000 	/System/Library/Frameworks/Accelerate.framework/Versions/A/Frameworks/vecLib.framework/Versions/A/libBLAS.dylib
0x0000000103dde000 	/System/Library/Frameworks/Python.framework/Versions/2.7/Extras/lib/python/numpy/core/scalarmath.so
0x0000000103e7d000 	/System/Library/Frameworks/Python.framework/Versions/2.7/Extras/lib/python/numpy/lib/_compiled_base.so
0x0000000103ec5000 	/System/Library/Frameworks/Python.framework/Versions/2.7/Extras/lib/python/numpy/linalg/lapack_lite.so
0x0000000103f0c000 	/System/Library/Frameworks/Python.framework/Versions/2.7/Extras/lib/python/numpy/fft/fftpack_lite.so
0x0000000104017000 	/System/Library/Frameworks/Python.framework/Versions/2.7/Extras/lib/python/numpy/random/mtrand.so
0x000000010407c000 	/System/Library/Frameworks/Python.framework/Versions/2.7/lib/python2.7/lib-dynload/_ctypes.so
0x000000000a2a0000 	/usr/lib/libffi.dylib
0x0000000104096000 	/System/Library/Frameworks/Python.framework/Versions/2.7/Extras/lib/python/scipy/special/_cephes.so
0x000000010417c000 	/System/Library/Frameworks/Python.framework/Versions/2.7/Extras/lib/python/scipy/special/specfun.so
0x000000010421d000 	/System/Library/Frameworks/Python.framework/Versions/2.7/Extras/lib/python/scipy/special/orthogonal_eval.so
0x000000010422f000 	/System/Library/Frameworks/Python.framework/Versions/2.7/Extras/lib/python/scipy/special/lambertw.so
0x0000000104238000 	/System/Library/Frameworks/Python.framework/Versions/2.7/Extras/lib/python/scipy/special/_logit.so
0x000000010423f000 	/System/Library/Frameworks/Python.framework/Versions/2.7/Extras/lib/python/scipy/linalg/fblas.so
0x0000000104277000 	/System/Library/Frameworks/Python.framework/Versions/2.7/Extras/lib/python/scipy/linalg/_flinalg.so
0x0000000104285000 	/System/Library/Frameworks/Python.framework/Versions/2.7/Extras/lib/python/scipy/linalg/flapack.so
0x000000010430b000 	/System/Library/Frameworks/Python.framework/Versions/2.7/Extras/lib/python/scipy/linalg/clapack.so
0x0000000104312000 	/System/Library/Frameworks/Python.framework/Versions/2.7/Extras/lib/python/scipy/linalg/calc_lwork.so
0x000000010435f000 	/System/Library/Frameworks/Python.framework/Versions/2.7/Extras/lib/python/scipy/linalg/cblas.so
0x0000000104366000 	/System/Library/Frameworks/Python.framework/Versions/2.7/Extras/lib/python/scipy/stats/futil.so
0x00000001043ee000 	/System/Library/Frameworks/Python.framework/Versions/2.7/Extras/lib/python/scipy/optimize/minpack2.so
0x00000001043f8000 	/System/Library/Frameworks/Python.framework/Versions/2.7/Extras/lib/python/scipy/optimize/_lbfgsb.so
0x0000000104418000 	/System/Library/Frameworks/Python.framework/Versions/2.7/Extras/lib/python/scipy/optimize/moduleTNC.so
0x0000000104421000 	/System/Library/Frameworks/Python.framework/Versions/2.7/Extras/lib/python/scipy/optimize/_cobyla.so
0x000000010447d000 	/System/Library/Frameworks/Python.framework/Versions/2.7/Extras/lib/python/scipy/optimize/_slsqp.so
0x000000010448c000 	/System/Library/Frameworks/Python.framework/Versions/2.7/Extras/lib/python/scipy/optimize/_minpack.so
0x000000010449b000 	/System/Library/Frameworks/Python.framework/Versions/2.7/Extras/lib/python/scipy/sparse/sparsetools/_csr.so
0x0000000104580000 	/System/Library/Frameworks/Python.framework/Versions/2.7/Extras/lib/python/scipy/sparse/sparsetools/_csc.so
0x000000010460b000 	/System/Library/Frameworks/Python.framework/Versions/2.7/Extras/lib/python/scipy/sparse/sparsetools/_coo.so
0x0000000104635000 	/System/Library/Frameworks/Python.framework/Versions/2.7/Extras/lib/python/scipy/sparse/sparsetools/_dia.so
0x0000000104685000 	/System/Library/Frameworks/Python.framework/Versions/2.7/Extras/lib/python/scipy/sparse/sparsetools/_bsr.so
0x000000010477f000 	/System/Library/Frameworks/Python.framework/Versions/2.7/Extras/lib/python/scipy/sparse/sparsetools/_csgraph.so
0x0000000104788000 	/System/Library/Frameworks/Python.framework/Versions/2.7/Extras/lib/python/scipy/sparse/csgraph/_shortest_path.so
0x00000001047b3000 	/System/Library/Frameworks/Python.framework/Versions/2.7/Extras/lib/python/scipy/sparse/csgraph/_tools.so
0x00000001047cc000 	/System/Library/Frameworks/Python.framework/Versions/2.7/Extras/lib/python/scipy/sparse/csgraph/_traversal.so
0x00000001047e7000 	/System/Library/Frameworks/Python.framework/Versions/2.7/Extras/lib/python/scipy/sparse/csgraph/_min_spanning_tree.so
0x00000001047f6000 	/System/Library/Frameworks/Python.framework/Versions/2.7/Extras/lib/python/scipy/sparse/linalg/isolve/_iterative.so
0x000000010486a000 	/System/Library/Frameworks/Python.framework/Versions/2.7/Extras/lib/python/scipy/sparse/linalg/dsolve/_superlu.so
0x00000001048b1000 	/System/Library/Frameworks/Python.framework/Versions/2.7/Extras/lib/python/scipy/sparse/linalg/eigen/arpack/_arpack.so
0x000000010495f000 	/System/Library/Frameworks/Python.framework/Versions/2.7/Extras/lib/python/scipy/optimize/_zeros.so
0x0000000104964000 	/System/Library/Frameworks/Python.framework/Versions/2.7/Extras/lib/python/scipy/optimize/_nnls.so
0x0000000104975000 	/System/Library/Frameworks/Python.framework/Versions/2.7/Extras/lib/python/scipy/integrate/_odepack.so
0x00000001049a8000 	/System/Library/Frameworks/Python.framework/Versions/2.7/Extras/lib/python/scipy/integrate/_quadpack.so
0x00000001049c7000 	/System/Library/Frameworks/Python.framework/Versions/2.7/Extras/lib/python/scipy/integrate/vode.so
0x00000001049f0000 	/System/Library/Frameworks/Python.framework/Versions/2.7/Extras/lib/python/scipy/integrate/_dop.so
0x0000000104a0f000 	/System/Library/Frameworks/Python.framework/Versions/2.7/Extras/lib/python/scipy/stats/vonmises_cython.so
0x0000000104a1d000 	/System/Library/Frameworks/Python.framework/Versions/2.7/Extras/lib/python/scipy/interpolate/_fitpack.so
0x0000000104a46000 	/System/Library/Frameworks/Python.framework/Versions/2.7/Extras/lib/python/scipy/interpolate/dfitpack.so
0x0000000104acd000 	/System/Library/Frameworks/Python.framework/Versions/2.7/Extras/lib/python/scipy/interpolate/interpnd.so
0x0000000104af2000 	/System/Library/Frameworks/Python.framework/Versions/2.7/Extras/lib/python/scipy/spatial/ckdtree.so
0x0000000104b04000 	/System/Library/Frameworks/Python.framework/Versions/2.7/Extras/lib/python/scipy/spatial/qhull.so
0x0000000104b6f000 	/System/Library/Frameworks/Python.framework/Versions/2.7/Extras/lib/python/scipy/spatial/_distance_wrap.so
0x0000000104bba000 	/System/Library/Frameworks/Python.framework/Versions/2.7/Extras/lib/python/scipy/stats/_rank.so
0x0000000104bcb000 	/System/Library/Frameworks/Python.framework/Versions/2.7/Extras/lib/python/scipy/stats/statlib.so
0x0000000104bd6000 	/System/Library/Frameworks/Python.framework/Versions/2.7/Extras/lib/python/scipy/stats/mvn.so
0x0000000104e26000 	/System/Library/Frameworks/Python.framework/Versions/2.7/lib/python2.7/lib-dynload/_tkinter.so
0x0000000104e33000 	/System/Library/Frameworks/Tcl.framework/Versions/8.5/Tcl
0x0000000104f18000 	/System/Library/Frameworks/Tk.framework/Versions/8.5/Tk
0x000000000a2a0000 	/System/Library/Frameworks/Cocoa.framework/Versions/A/Cocoa
0x000000000a2a0000 	/System/Library/Frameworks/Carbon.framework/Versions/A/Carbon
0x000000000a2a0000 	/System/Library/Frameworks/IOKit.framework/Versions/A/IOKit
0x000000000a2a0000 	/System/Library/Frameworks/CoreText.framework/Versions/A/CoreText
0x000000000a2a0000 	/System/Library/Frameworks/CoreGraphics.framework/Versions/A/CoreGraphics
0x000000000a2a0000 	/System/Library/Frameworks/ApplicationServices.framework/Versions/A/ApplicationServices
0x000000000a2a0000 	/System/Library/Frameworks/AppKit.framework/Versions/C/AppKit
0x000000000a2a0000 	/System/Library/Frameworks/CoreServices.framework/Versions/A/CoreServices
0x000000000a2a0000 	/System/Library/Frameworks/Foundation.framework/Versions/C/Foundation
0x000000000a2a0000 	/System/Library/Frameworks/CoreData.framework/Versions/A/CoreData
0x000000000a2a0000 	/System/Library/PrivateFrameworks/RemoteViewServices.framework/Versions/A/RemoteViewServices
0x000000000a2a0000 	/System/Library/Frameworks/AudioToolbox.framework/Versions/A/AudioToolbox
0x000000000a2a0000 	/System/Library/Frameworks/AudioUnit.framework/Versions/A/AudioUnit
0x000000000a2a0000 	/System/Library/PrivateFrameworks/DataDetectorsCore.framework/Versions/A/DataDetectorsCore
0x000000000a2a0000 	/System/Library/PrivateFrameworks/DesktopServicesPriv.framework/Versions/A/DesktopServicesPriv
0x000000000a2a0000 	/System/Library/Frameworks/Carbon.framework/Versions/A/Frameworks/HIToolbox.framework/Versions/A/HIToolbox
0x000000000a2a0000 	/System/Library/Frameworks/QuartzCore.framework/Versions/A/QuartzCore
0x000000000a2a0000 	/System/Library/Frameworks/Security.framework/Versions/A/Security
0x000000000a2a0000 	/System/Library/Frameworks/Carbon.framework/Versions/A/Frameworks/SpeechRecognition.framework/Versions/A/SpeechRecognition
0x000000000a2a0000 	/usr/lib/libxml2.2.dylib
0x000000000a2a0000 	/System/Library/PrivateFrameworks/CoreUI.framework/Versions/A/CoreUI
0x000000000a2a0000 	/System/Library/Frameworks/CoreAudio.framework/Versions/A/CoreAudio
0x000000000a2a0000 	/System/Library/Frameworks/DiskArbitration.framework/Versions/A/DiskArbitration
0x000000000a2a0000 	/usr/lib/liblangid.dylib
0x000000000a2a0000 	/System/Library/PrivateFrameworks/MultitouchSupport.framework/Versions/A/MultitouchSupport
0x000000000a2a0000 	/System/Library/PrivateFrameworks/PerformanceAnalysis.framework/Versions/A/PerformanceAnalysis
0x000000000a2a0000 	/System/Library/PrivateFrameworks/GenerationalStorage.framework/Versions/A/GenerationalStorage
0x000000000a2a0000 	/System/Library/Frameworks/OpenGL.framework/Versions/A/OpenGL
0x000000000a2a0000 	/System/Library/PrivateFrameworks/Sharing.framework/Versions/A/Sharing
0x000000000a2a0000 	/System/Library/Frameworks/ImageIO.framework/Versions/A/ImageIO
0x000000000a2a0000 	/System/Library/PrivateFrameworks/Backup.framework/Versions/A/Backup
0x000000000a2a0000 	/System/Library/Frameworks/CFNetwork.framework/Versions/A/CFNetwork
0x000000000a2a0000 	/usr/lib/libCRFSuite.dylib
0x000000000a2a0000 	/usr/lib/libsqlite3.dylib
0x000000000a2a0000 	/usr/lib/libxar.1.dylib
0x000000000a2a0000 	/usr/lib/libpam.2.dylib
0x000000000a2a0000 	/usr/lib/libOpenScriptingUtil.dylib
0x000000000a2a0000 	/usr/lib/libbz2.1.0.dylib
0x000000000a2a0000 	/System/Library/Frameworks/CoreServices.framework/Versions/A/Frameworks/CarbonCore.framework/Versions/A/CarbonCore
0x000000000a2a0000 	/System/Library/Frameworks/CoreServices.framework/Versions/A/Frameworks/Metadata.framework/Versions/A/Metadata
0x000000000a2a0000 	/System/Library/Frameworks/CoreServices.framework/Versions/A/Frameworks/OSServices.framework/Versions/A/OSServices
0x000000000a2a0000 	/System/Library/Frameworks/CoreServices.framework/Versions/A/Frameworks/SearchKit.framework/Versions/A/SearchKit
0x000000000a2a0000 	/System/Library/Frameworks/CoreServices.framework/Versions/A/Frameworks/AE.framework/Versions/A/AE
0x000000000a2a0000 	/System/Library/Frameworks/CoreServices.framework/Versions/A/Frameworks/LaunchServices.framework/Versions/A/LaunchServices
0x000000000a2a0000 	/System/Library/Frameworks/CoreServices.framework/Versions/A/Frameworks/DictionaryServices.framework/Versions/A/DictionaryServices
0x000000000a2a0000 	/System/Library/Frameworks/NetFS.framework/Versions/A/NetFS
0x000000000a2a0000 	/usr/lib/system/libkxld.dylib
0x000000000a2a0000 	/System/Library/PrivateFrameworks/NetAuth.framework/Versions/A/NetAuth
0x000000000a2a0000 	/System/Library/PrivateFrameworks/TCC.framework/Versions/A/TCC
0x000000000a2a0000 	/System/Library/Frameworks/OpenDirectory.framework/Versions/A/Frameworks/CFOpenDirectory.framework/Versions/A/CFOpenDirectory
0x000000000a2a0000 	/System/Library/Frameworks/ServiceManagement.framework/Versions/A/ServiceManagement
0x000000000a2a0000 	/usr/lib/libxslt.1.dylib
0x000000000a2a0000 	/System/Library/Frameworks/Carbon.framework/Versions/A/Frameworks/Ink.framework/Versions/A/Ink
0x000000000a2a0000 	/System/Library/Frameworks/ApplicationServices.framework/Versions/A/Frameworks/ATS.framework/Versions/A/ATS
0x000000000a2a0000 	/System/Library/Frameworks/ApplicationServices.framework/Versions/A/Frameworks/ColorSync.framework/Versions/A/ColorSync
0x000000000a2a0000 	/System/Library/Frameworks/ApplicationServices.framework/Versions/A/Frameworks/HIServices.framework/Versions/A/HIServices
0x000000000a2a0000 	/System/Library/Frameworks/ApplicationServices.framework/Versions/A/Frameworks/LangAnalysis.framework/Versions/A/LangAnalysis
0x000000000a2a0000 	/System/Library/Frameworks/ApplicationServices.framework/Versions/A/Frameworks/PrintCore.framework/Versions/A/PrintCore
0x000000000a2a0000 	/System/Library/Frameworks/ApplicationServices.framework/Versions/A/Frameworks/QD.framework/Versions/A/QD
0x000000000a2a0000 	/System/Library/Frameworks/ApplicationServices.framework/Versions/A/Frameworks/SpeechSynthesis.framework/Versions/A/SpeechSynthesis
0x000000000a2a0000 	/System/Library/Frameworks/IOSurface.framework/Versions/A/IOSurface
0x000000000a2a0000 	/System/Library/Frameworks/ApplicationServices.framework/Versions/A/Frameworks/ATS.framework/Versions/A/Resources/libFontParser.dylib
0x000000000a2a0000 	/System/Library/Frameworks/ApplicationServices.framework/Versions/A/Frameworks/ATS.framework/Versions/A/Resources/libFontRegistry.dylib
0x000000000a2a0000 	/System/Library/Frameworks/ImageIO.framework/Versions/A/Resources/libJPEG.dylib
0x000000000a2a0000 	/System/Library/Frameworks/ImageIO.framework/Versions/A/Resources/libTIFF.dylib
0x000000000a2a0000 	/System/Library/Frameworks/ImageIO.framework/Versions/A/Resources/libPng.dylib
0x000000000a2a0000 	/System/Library/Frameworks/ImageIO.framework/Versions/A/Resources/libGIF.dylib
0x000000000a2a0000 	/System/Library/Frameworks/ImageIO.framework/Versions/A/Resources/libJP2.dylib
0x000000000a2a0000 	/System/Library/Frameworks/ImageIO.framework/Versions/A/Resources/libRadiance.dylib
0x000000000a2a0000 	/usr/lib/libcups.2.dylib
0x000000000a2a0000 	/System/Library/Frameworks/Kerberos.framework/Versions/A/Kerberos
0x000000000a2a0000 	/System/Library/Frameworks/GSS.framework/Versions/A/GSS
0x000000000a2a0000 	/usr/lib/libresolv.9.dylib
0x000000000a2a0000 	/usr/lib/libiconv.2.dylib
0x000000000a2a0000 	/System/Library/PrivateFrameworks/Heimdal.framework/Versions/A/Heimdal
0x000000000a2a0000 	/usr/lib/libheimdal-asn1.dylib
0x000000000a2a0000 	/System/Library/Frameworks/OpenDirectory.framework/Versions/A/OpenDirectory
0x000000000a2a0000 	/System/Library/PrivateFrameworks/CommonAuth.framework/Versions/A/CommonAuth
0x000000000a2a0000 	/System/Library/Frameworks/SecurityFoundation.framework/Versions/A/SecurityFoundation
0x000000000a2a0000 	/System/Library/PrivateFrameworks/Bom.framework/Versions/A/Bom
0x000000000a2a0000 	/System/Library/Frameworks/CoreVideo.framework/Versions/A/CoreVideo
0x000000000a2a0000 	/System/Library/Frameworks/QuartzCore.framework/Versions/A/Frameworks/CoreImage.framework/Versions/A/CoreImage
0x000000000a2a0000 	/System/Library/Frameworks/QuartzCore.framework/Versions/A/Frameworks/ScalableUserInterface.framework/Versions/A/ScalableUserInterface
0x000000000a2a0000 	/System/Library/Frameworks/OpenGL.framework/Versions/A/Libraries/libGLU.dylib
0x000000000a2a0000 	/System/Library/Frameworks/OpenGL.framework/Versions/A/Libraries/libGFXShared.dylib
0x000000000a2a0000 	/System/Library/Frameworks/OpenGL.framework/Versions/A/Libraries/libGL.dylib
0x000000000a2a0000 	/System/Library/Frameworks/OpenGL.framework/Versions/A/Libraries/libGLImage.dylib
0x000000000a2a0000 	/System/Library/Frameworks/OpenGL.framework/Versions/A/Libraries/libCVMSPluginSupport.dylib
0x000000000a2a0000 	/System/Library/Frameworks/OpenGL.framework/Versions/A/Libraries/libCoreVMClient.dylib
0x000000000a2a0000 	/System/Library/PrivateFrameworks/FaceCore.framework/Versions/A/FaceCore
0x000000000a2a0000 	/System/Library/PrivateFrameworks/CrashReporterSupport.framework/Versions/A/CrashReporterSupport
0x000000000a2a0000 	/System/Library/Frameworks/OpenCL.framework/Versions/A/OpenCL
0x000000000a2a0000 	/System/Library/PrivateFrameworks/AppleFSCompression.framework/Versions/A/AppleFSCompression
0x000000000a2a0000 	/System/Library/PrivateFrameworks/Ubiquity.framework/Versions/A/Ubiquity
0x000000000a2a0000 	/System/Library/PrivateFrameworks/IconServices.framework/Versions/A/IconServices
0x000000000a2a0000 	/System/Library/PrivateFrameworks/ChunkingLibrary.framework/Versions/A/ChunkingLibrary
0x000000000a2a0000 	/System/Library/PrivateFrameworks/CoreSymbolication.framework/Versions/A/CoreSymbolication
0x000000000a2a0000 	/System/Library/PrivateFrameworks/Symbolication.framework/Versions/A/Symbolication
0x000000000a2a0000 	/System/Library/PrivateFrameworks/DebugSymbols.framework/Versions/A/DebugSymbols
0x000000000a2a0000 	/System/Library/Frameworks/Carbon.framework/Versions/A/Frameworks/CommonPanels.framework/Versions/A/CommonPanels
0x000000000a2a0000 	/System/Library/Frameworks/Carbon.framework/Versions/A/Frameworks/Help.framework/Versions/A/Help
0x000000000a2a0000 	/System/Library/Frameworks/Carbon.framework/Versions/A/Frameworks/ImageCapture.framework/Versions/A/ImageCapture
0x000000000a2a0000 	/System/Library/Frameworks/Carbon.framework/Versions/A/Frameworks/OpenScripting.framework/Versions/A/OpenScripting
0x000000000a2a0000 	/System/Library/Frameworks/Carbon.framework/Versions/A/Frameworks/Print.framework/Versions/A/Print
0x000000000a2a0000 	/System/Library/Frameworks/Carbon.framework/Versions/A/Frameworks/SecurityHI.framework/Versions/A/SecurityHI
0x00000001051f0000 	/System/Library/Frameworks/Python.framework/Versions/2.7/lib/python2.7/lib-dynload/zlib.so
0x0000000106900000 	/Library/Python/2.7/site-packages/lucene-3.6.2-py2.7-macosx-10.9-intel.egg/lucene/_lucene.so
0x000000010794f000 	/Library/Python/2.7/site-packages/JCC-2.18-py2.7-macosx-10.9-intel.egg/libjcc.dylib
0x000000010795e000 	/Library/Java/JavaVirtualMachines/jdk1.7.0_12.jdk/Contents/Home/jre/lib/libjava.dylib
0x000000010798e000 	/Library/Java/JavaVirtualMachines/jdk1.7.0_12.jdk/Contents/Home/jre/lib/server/libjvm.dylib
0x000000010851b000 	/Library/Java/JavaVirtualMachines/jdk1.7.0_12.jdk/Contents/Home/jre/lib/./libverify.dylib
0x000000000a2a0000 	/usr/lib/libstdc++.6.dylib
0x000000010bf12000 	/Library/Python/2.7/site-packages/JCC-2.18-py2.7-macosx-10.9-intel.egg/jcc/_jcc.so
0x000000010bf7d000 	/Library/Java/JavaVirtualMachines/jdk1.7.0_12.jdk/Contents/Home/jre/lib/libzip.dylib
0x000000016688b000 	/System/Library/Frameworks/JavaVM.framework/Frameworks/JavaRuntimeSupport.framework/JavaRuntimeSupport
0x00000001668a3000 	/System/Library/Frameworks/JavaVM.framework/Versions/A/Frameworks/JavaNativeFoundation.framework/Versions/A/JavaNativeFoundation
0x00000001668b7000 	/System/Library/Frameworks/JavaVM.framework/Versions/A/JavaVM
0x00000001668c3000 	/System/Library/PrivateFrameworks/JavaLaunching.framework/Versions/A/JavaLaunching
0x0000000168716000 	/Library/Java/JavaVirtualMachines/jdk1.7.0_12.jdk/Contents/Home/jre/lib/libnio.dylib
0x0000000168725000 	/Library/Java/JavaVirtualMachines/jdk1.7.0_12.jdk/Contents/Home/jre/lib/./libnet.dylib
0x0000000168782000 	/Library/Java/JavaVirtualMachines/jdk1.7.0_12.jdk/Contents/Home/jre/lib/libmanagement.dylib

VM Arguments:
java_command: <unknown>
Launcher Type: generic

Environment Variables:
PATH=/opt/local/bin:/opt/local/sbin:/Users/soerenkroell/.rvm/gems/ruby-1.9.3-head/bin:/Users/soerenkroell/.rvm/gems/ruby-1.9.3-head@global/bin:/Users/soerenkroell/.rvm/rubies/ruby-1.9.3-head/bin:/Users/soerenkroell/.rvm/bin:/usr/bin:/bin:/usr/sbin:/sbin:/usr/local/bin:/opt/X11/bin:/usr/local/git/bin:/usr/texbin
SHELL=/bin/bash
DISPLAY=/tmp/launch-wFDRgG/org.macosforge.xquartz:0

Signal Handlers:
SIGSEGV: [libjvm.dylib+0x4ec6fb], sa_mask[0]=0xfffefeff, sa_flags=0x00000042
SIGBUS: [libjvm.dylib+0x4ec6fb], sa_mask[0]=0xfffefeff, sa_flags=0x00000042
SIGFPE: [libjvm.dylib+0x3e5f50], sa_mask[0]=0xfffefeff, sa_flags=0x00000042
SIGPIPE: [libjvm.dylib+0x3e5f50], sa_mask[0]=0xfffefeff, sa_flags=0x00000042
SIGXFSZ: [libjvm.dylib+0x3e5f50], sa_mask[0]=0xfffefeff, sa_flags=0x00000042
SIGILL: [libjvm.dylib+0x3e5f50], sa_mask[0]=0xfffefeff, sa_flags=0x00000042
SIGUSR1: [Python+0xb2043], sa_mask[0]=0x00000000, sa_flags=0x00000000
SIGUSR2: [libjvm.dylib+0x3e5aec], sa_mask[0]=0x00000000, sa_flags=0x00000042
SIGHUP: [libjvm.dylib+0x3e3f63], sa_mask[0]=0xfffefeff, sa_flags=0x00000042
SIGINT: [libjvm.dylib+0x3e3f63], sa_mask[0]=0xfffefeff, sa_flags=0x00000042
SIGTERM: [libjvm.dylib+0x3e3f63], sa_mask[0]=0xfffefeff, sa_flags=0x00000042
SIGQUIT: [libjvm.dylib+0x3e3f63], sa_mask[0]=0xfffefeff, sa_flags=0x00000042


---------------  S Y S T E M  ---------------

OS:Bsduname:Darwin 13.0.0 Darwin Kernel Version 13.0.0: Thu Sep 19 22:22:27 PDT 2013; root:xnu-2422.1.72~6/RELEASE_X86_64 x86_64
rlimit: STACK 8192k, CORE 0k, NPROC 709, NOFILE 10240, AS infinity
load average:1.46 1.37 1.26

CPU:total 8 (4 cores per cpu, 2 threads per core) family 6 model 58 stepping 9, cmov, cx8, fxsr, mmx, sse, sse2, sse3, ssse3, sse4.1, sse4.2, popcnt, avx, aes, ht, tsc, tscinvbit, tscinv

Memory: 4k page, physical 4998772k(1249693k free)

/proc/meminfo:


vm_info: Java HotSpot(TM) 64-Bit Server VM (24.0-b28) for bsd-amd64 JRE (1.7.0_12-ea-b08), built on Jan  3 2013 02:13:57 by "java_re" with gcc 4.2.1 (Based on Apple Inc. build 5658) (LLVM build 2336.9.00)

time: Tue Jan 14 00:58:54 2014
elapsed time: 112 seconds

