#
# A fatal error has been detected by the Java Runtime Environment:
#
#  SIGSEGV (0xb) at pc=0x00000001119e28a4, pid=10034, tid=7683
#
# JRE version: Java(TM) SE Runtime Environment (7.0_12-b08) (build 1.7.0_12-ea-b08)
# Java VM: Java HotSpot(TM) 64-Bit Server VM (24.0-b28 mixed mode bsd-amd64 compressed oops)
# Problematic frame:
# C  [libjcc.dylib+0x58a4]  JCCEnv::setClassPath(char const*)+0x24
#
# Failed to write core dump. Core dumps have been disabled. To enable core dumping, try "ulimit -c unlimited" before starting Java again
#
# If you would like to submit a bug report, please visit:
#   http://bugreport.sun.com/bugreport/crash.jsp
#

---------------  T H R E A D  ---------------

Current thread is native thread

siginfo:si_signo=SIGSEGV: si_errno=0, si_code=1 (SEGV_MAPERR), si_addr=0x0000000000000000

Registers:
RAX=0x0000000000000000, RBX=0x0000000000000000, RCX=0x00007fefb69df800, RDX=0xcce48b9e9ec91acc
RSP=0x00000001167ad4a0, RBP=0x00000001167ad4e0, RSI=0x00007fefb699d624, RDI=0x0000000000000107
R8 =0x0000000000000048, R9 =0xcce48b9e9ec91acc, R10=0x0000000000000048, R11=0x0000000011ed1208
R12=0x000000011317ba28, R13=0x00007fefb5883950, R14=0x000000010fe27050, R15=0x0000000000000000
RIP=0x00000001119e28a4, EFLAGS=0x0000000000010206, ERR=0x0000000000000004
  TRAPNO=0x000000000000000e

Top of Stack: (sp=0x00000001167ad4a0)
0x00000001167ad4a0:   0000000000000000 00007fefb699d624
0x00000001167ad4b0:   00000001167ad4e0 00007fefb699d600
0x00000001167ad4c0:   000000011317ba28 00007fefb5883950
0x00000001167ad4d0:   000000010fe27050 0000000000000000
0x00000001167ad4e0:   00000001167ad7d0 00000001119ddff2
0x00000001167ad4f0:   00000001167ad758 00000001167ad750
0x00000001167ad500:   00000001167ad748 0000000000000000
0x00000001167ad510:   0000000000000000 0000000000000000
0x00000001167ad520:   0000000000000000 0000000000000000
0x00000001167ad530:   0000000000000000 0000000000000000
0x00000001167ad540:   0000000000000000 0000000000000000
0x00000001167ad550:   0000000000000000 0000000000000000
0x00000001167ad560:   0000000000000000 0000000000000000
0x00000001167ad570:   0000000000000000 0000000000000000
0x00000001167ad580:   0000000000000000 0000000000000000
0x00000001167ad590:   0000000000000000 0000000000000000
0x00000001167ad5a0:   0000000000000000 0000000000000000
0x00000001167ad5b0:   0000000000000000 0000000000000000
0x00000001167ad5c0:   0000000000000000 0000000000000000
0x00000001167ad5d0:   0000000000000000 0000000000000000
0x00000001167ad5e0:   0000000000000000 0000000000000000
0x00000001167ad5f0:   0000000000000000 0000000000000000
0x00000001167ad600:   0000000000000000 0000000000000000
0x00000001167ad610:   0000000000000000 0000000000000000
0x00000001167ad620:   0000000000000000 0000000000000000
0x00000001167ad630:   0000000000000000 0000000000000000
0x00000001167ad640:   0000000000000000 0000000000000000
0x00000001167ad650:   0000000000000000 0000000000000000
0x00000001167ad660:   0000000000000000 0000000000000000
0x00000001167ad670:   0000000000000000 0000000000000000
0x00000001167ad680:   0000000000000000 0000000000000000
0x00000001167ad690:   0000000000000000 0000000000000000 

Instructions: (pc=0x00000001119e28a4)
0x00000001119e2884:   41 57 41 56 41 55 41 54 53 48 83 ec 18 48 89 75
0x00000001119e2894:   c8 48 8b 3d 94 2e 00 00 e8 a7 15 00 00 48 89 c3
0x00000001119e28a4:   48 8b 03 48 8d 35 14 24 00 00 48 89 df ff 50 30
0x00000001119e28b4:   49 89 c7 48 8b 03 48 8d 35 19 24 00 00 48 89 df 

Register to memory mapping:

RAX=0x0000000000000000 is an unknown value
RBX=0x0000000000000000 is an unknown value
RCX=0x00007fefb69df800 is an unknown value
RDX=0xcce48b9e9ec91acc is an unknown value
RSP=0x00000001167ad4a0 is an unknown value
RBP=0x00000001167ad4e0 is an unknown value
RSI=0x00007fefb699d624 is an unknown value
RDI=0x0000000000000107 is an unknown value
R8 =0x0000000000000048 is an unknown value
R9 =0xcce48b9e9ec91acc is an unknown value
R10=0x0000000000000048 is an unknown value
R11=0x0000000011ed1208 is an unknown value
R12=0x000000011317ba28 is an unknown value
R13=0x00007fefb5883950 is an unknown value
R14=0x000000010fe27050 is an unknown value
R15=0x0000000000000000 is an unknown value


Stack: [0x00000001163b3000,0x00000001167b3000],  sp=0x00000001167ad4a0,  free space=4073k
Native frames: (J=compiled Java code, j=interpreted, Vv=VM code, C=native code)
C  [libjcc.dylib+0x58a4]  JCCEnv::setClassPath(char const*)+0x24
C  [libjcc.dylib+0xff2]  initVM(_object*, _object*, _object*)+0x6a7
C  [_lucene.so+0x1476]  __initialize__(_object*, _object*, _object*)+0x12
C  [Python+0x8214d]  PyEval_EvalFrameEx+0x1f90
C  [Python+0x80093]  PyEval_EvalCodeEx+0x669
C  [Python+0x27796]  PyFunction_SetClosure+0x329
C  [Python+0x9f72]  PyObject_Call+0x65
C  [Python+0x149a7]  PyMethod_New+0x4b0
C  [Python+0x9f72]  PyObject_Call+0x65
C  [Python+0x4f6ce]  _PyObject_SlotCompare+0x15bd
C  [Python+0x4b184]  _PyType_Lookup+0x53f
C  [Python+0x9f72]  PyObject_Call+0x65
C  [Python+0x83df5]  PyEval_EvalFrameEx+0x3c38
C  [Python+0x80093]  PyEval_EvalCodeEx+0x669
C  [Python+0x27796]  PyFunction_SetClosure+0x329
C  [Python+0x9f72]  PyObject_Call+0x65
C  [Python+0x84395]  PyEval_EvalFrameEx+0x41d8
C  [Python+0x80093]  PyEval_EvalCodeEx+0x669
C  [Python+0x27796]  PyFunction_SetClosure+0x329
C  [Python+0x9f72]  PyObject_Call+0x65
C  [Python+0x149a7]  PyMethod_New+0x4b0
C  [Python+0x9f72]  PyObject_Call+0x65
C  [Python+0x4ecad]  _PyObject_SlotCompare+0xb9c
C  [Python+0x9f72]  PyObject_Call+0x65
C  [Python+0x84395]  PyEval_EvalFrameEx+0x41d8
C  [Python+0x80093]  PyEval_EvalCodeEx+0x669
C  [Python+0x27796]  PyFunction_SetClosure+0x329
C  [Python+0x9f72]  PyObject_Call+0x65
C  [Python+0x149a7]  PyMethod_New+0x4b0
C  [Python+0x9f72]  PyObject_Call+0x65
C  [Python+0x13c70]  _PyInstance_Lookup+0x6fe
C  [Python+0x9f72]  PyObject_Call+0x65
C  [Python+0x83df5]  PyEval_EvalFrameEx+0x3c38
C  [Python+0x86864]  _PyEval_SliceIndex+0x33d
C  [Python+0x834d4]  PyEval_EvalFrameEx+0x3317
C  [Python+0x86864]  _PyEval_SliceIndex+0x33d
C  [Python+0x834d4]  PyEval_EvalFrameEx+0x3317
C  [Python+0x86864]  _PyEval_SliceIndex+0x33d
C  [Python+0x834d4]  PyEval_EvalFrameEx+0x3317
C  [Python+0x80093]  PyEval_EvalCodeEx+0x669
C  [Python+0x27796]  PyFunction_SetClosure+0x329
C  [Python+0x9f72]  PyObject_Call+0x65
C  [Python+0x149a7]  PyMethod_New+0x4b0
C  [Python+0x9f72]  PyObject_Call+0x65
C  [Python+0x4f6ce]  _PyObject_SlotCompare+0x15bd
C  [Python+0x4b184]  _PyType_Lookup+0x53f
C  [Python+0x9f72]  PyObject_Call+0x65
C  [Python+0x83df5]  PyEval_EvalFrameEx+0x3c38
C  [Python+0x86864]  _PyEval_SliceIndex+0x33d
C  [Python+0x834d4]  PyEval_EvalFrameEx+0x3317
C  [Python+0x80093]  PyEval_EvalCodeEx+0x669
C  [Python+0x27796]  PyFunction_SetClosure+0x329
C  [Python+0x9f72]  PyObject_Call+0x65
C  [Python+0x149a7]  PyMethod_New+0x4b0
C  [Python+0x9f72]  PyObject_Call+0x65
C  [Python+0x4ecad]  _PyObject_SlotCompare+0xb9c
C  [Python+0x9f72]  PyObject_Call+0x65
C  [Python+0x84395]  PyEval_EvalFrameEx+0x41d8
C  [Python+0x80093]  PyEval_EvalCodeEx+0x669
C  [Python+0x868c8]  _PyEval_SliceIndex+0x3a1
C  [Python+0x834d4]  PyEval_EvalFrameEx+0x3317
C  [Python+0x80093]  PyEval_EvalCodeEx+0x669
C  [Python+0x27796]  PyFunction_SetClosure+0x329
C  [Python+0x9f72]  PyObject_Call+0x65
C  [Python+0x149a7]  PyMethod_New+0x4b0
C  [Python+0x9f72]  PyObject_Call+0x65
C  [Python+0x4f6ce]  _PyObject_SlotCompare+0x15bd
C  [Python+0x4b184]  _PyType_Lookup+0x53f
C  [Python+0x9f72]  PyObject_Call+0x65
C  [Python+0x83df5]  PyEval_EvalFrameEx+0x3c38
C  [Python+0x80093]  PyEval_EvalCodeEx+0x669
C  [Python+0x27796]  PyFunction_SetClosure+0x329
C  [Python+0x9f72]  PyObject_Call+0x65
C  [Python+0x149a7]  PyMethod_New+0x4b0
C  [Python+0x9f72]  PyObject_Call+0x65
C  [Python+0x4ecad]  _PyObject_SlotCompare+0xb9c
C  [Python+0x9f72]  PyObject_Call+0x65
C  [Python+0x83df5]  PyEval_EvalFrameEx+0x3c38
C  [Python+0x80093]  PyEval_EvalCodeEx+0x669
C  [Python+0x27796]  PyFunction_SetClosure+0x329
C  [Python+0x9f72]  PyObject_Call+0x65
C  [Python+0x149a7]  PyMethod_New+0x4b0
C  [Python+0x9f72]  PyObject_Call+0x65
C  [Python+0x4ecad]  _PyObject_SlotCompare+0xb9c
C  [Python+0x9f72]  PyObject_Call+0x65
C  [Python+0x83df5]  PyEval_EvalFrameEx+0x3c38
C  [Python+0x80093]  PyEval_EvalCodeEx+0x669
C  [Python+0x27796]  PyFunction_SetClosure+0x329
C  [Python+0x9f72]  PyObject_Call+0x65
C  [Python+0x149a7]  PyMethod_New+0x4b0
C  [Python+0x9f72]  PyObject_Call+0x65
C  [Python+0x4ecad]  _PyObject_SlotCompare+0xb9c
C  [Python+0x9f72]  PyObject_Call+0x65
C  [Python+0x83df5]  PyEval_EvalFrameEx+0x3c38
C  [Python+0x80093]  PyEval_EvalCodeEx+0x669
C  [Python+0x27796]  PyFunction_SetClosure+0x329
C  [Python+0x9f72]  PyObject_Call+0x65
C  [Python+0x149a7]  PyMethod_New+0x4b0
C  [Python+0x9f72]  PyObject_Call+0x65
C  [Python+0x4ecad]  _PyObject_SlotCompare+0xb9c
...<more frames>...


---------------  P R O C E S S  ---------------

VM state:not at safepoint (normal execution)

VM Mutex/Monitor currently owned by a thread: None

Heap
 PSYoungGen      total 22272K, used 12775K [0x00000007e7200000, 0x00000007e9d80000, 0x0000000800000000)
  eden space 19136K, 50% used [0x00000007e7200000,0x00000007e7b6adf0,0x00000007e84b0000)
  from space 3136K, 99% used [0x00000007e84b0000,0x00000007e87bf100,0x00000007e87c0000)
  to   space 3136K, 0% used [0x00000007e9a70000,0x00000007e9a70000,0x00000007e9d80000)
 ParOldGen       total 50944K, used 4505K [0x00000007b5600000, 0x00000007b87c0000, 0x00000007e7200000)
  object space 50944K, 8% used [0x00000007b5600000,0x00000007b5a666c0,0x00000007b87c0000)
 PSPermGen       total 21248K, used 9685K [0x00000007b0400000, 0x00000007b18c0000, 0x00000007b5600000)
  object space 21248K, 45% used [0x00000007b0400000,0x00000007b0d754b8,0x00000007b18c0000)

Card table byte_map: [0x000000011bbf6000,0x000000011be75000] byte_map_base: 0x0000000117e74000

Polling page: 0x0000000111675000

Code Cache  [0x0000000118b36000, 0x0000000118da6000, 0x000000011bb36000)
 total_blobs=363 nmethods=70 adapters=246 free_code_cache=48541Kb largest_free_block=49658560

Compilation events (10 events):
Event: 0.695 Thread 0x00007fefb410a800 nmethod 66 0x0000000118bbf450 code [0x0000000118bbf5e0, 0x0000000118bbfbc8]
Event: 0.695 Thread 0x00007fefb410a800   67 % 
Event: 0.698 Thread 0x00007fefb410a800 nmethod 67% 0x0000000118bbf050 code [0x0000000118bbf1a0, 0x0000000118bbf358]
Event: 0.728 Thread 0x00007fefb410a800   68   
Event: 0.728 Thread 0x00007fefb410a800 nmethod 68 0x0000000118ba50d0 code [0x0000000118ba5200, 0x0000000118ba5238]
Event: 0.739 Thread 0x00007fefb410a800   69   
Event: 0.739 Thread 0x00007fefb410a800 nmethod 69 0x0000000118bb6c50 code [0x0000000118bb6d80, 0x0000000118bb6dd8]
Event: 0.753 Thread 0x00007fefb410a800   70 % 
Event: 0.770 Thread 0x00007fefb410a800 nmethod 70% 0x0000000118bc9dd0 code [0x0000000118bca100, 0x0000000118bcb040]
Event: 0.830 Thread 0x00007fefb542d000 nmethod 61 0x0000000118bd1410 code [0x0000000118bd1940, 0x0000000118bd4fb8]

GC Heap History (2 events):
Event: 0.433 GC heap before
{Heap before GC invocations=1 (full 0):
 PSYoungGen      total 22272K, used 19136K [0x00000007e7200000, 0x00000007e8ad0000, 0x0000000800000000)
  eden space 19136K, 100% used [0x00000007e7200000,0x00000007e84b0000,0x00000007e84b0000)
  from space 3136K, 0% used [0x00000007e87c0000,0x00000007e87c0000,0x00000007e8ad0000)
  to   space 3136K, 0% used [0x00000007e84b0000,0x00000007e84b0000,0x00000007e87c0000)
 ParOldGen       total 50944K, used 0K [0x00000007b5600000, 0x00000007b87c0000, 0x00000007e7200000)
  object space 50944K, 0% used [0x00000007b5600000,0x00000007b5600000,0x00000007b87c0000)
 PSPermGen       total 21248K, used 6485K [0x00000007b0400000, 0x00000007b18c0000, 0x00000007b5600000)
  object space 21248K, 30% used [0x00000007b0400000,0x00000007b0a55748,0x00000007b18c0000)
Event: 0.438 GC heap after
Heap after GC invocations=1 (full 0):
 PSYoungGen      total 22272K, used 3132K [0x00000007e7200000, 0x00000007e9d80000, 0x0000000800000000)
  eden space 19136K, 0% used [0x00000007e7200000,0x00000007e7200000,0x00000007e84b0000)
  from space 3136K, 99% used [0x00000007e84b0000,0x00000007e87bf100,0x00000007e87c0000)
  to   space 3136K, 0% used [0x00000007e9a70000,0x00000007e9a70000,0x00000007e9d80000)
 ParOldGen       total 50944K, used 4505K [0x00000007b5600000, 0x00000007b87c0000, 0x00000007e7200000)
  object space 50944K, 8% used [0x00000007b5600000,0x00000007b5a666c0,0x00000007b87c0000)
 PSPermGen       total 21248K, used 6485K [0x00000007b0400000, 0x00000007b18c0000, 0x00000007b5600000)
  object space 21248K, 30% used [0x00000007b0400000,0x00000007b0a55748,0x00000007b18c0000)
}

Deoptimization events (5 events):
Event: 0.455 Thread 0x00007fefb4913800 Uncommon trap -12 fr.pc 0x0000000118b9ce68
Event: 0.700 Thread 0x00007fefb4913800 Uncommon trap -34 fr.pc 0x0000000118bc0384
Event: 0.700 Thread 0x00007fefb4913800 Uncommon trap -34 fr.pc 0x0000000118bc0384
Event: 0.700 Thread 0x00007fefb4913800 Uncommon trap -34 fr.pc 0x0000000118bc0384
Event: 0.700 Thread 0x00007fefb4913800 Uncommon trap -34 fr.pc 0x0000000118bc0384

Internal exceptions (10 events):
Event: 0.748 Thread 0x00007fefb4913800 Threw 0x00000007e7a85cb0 at /HUDSON/workspace/jdk7u12-2-build-macosx-amd64-product/jdk7u12/hotspot/src/share/vm/prims/jvm.cpp:1171
Event: 0.748 Thread 0x00007fefb4913800 Threw 0x00000007e7a8b588 at /HUDSON/workspace/jdk7u12-2-build-macosx-amd64-product/jdk7u12/hotspot/src/share/vm/prims/jvm.cpp:1171
Event: 0.748 Thread 0x00007fefb4913800 Threw 0x00000007e7a8f390 at /HUDSON/workspace/jdk7u12-2-build-macosx-amd64-product/jdk7u12/hotspot/src/share/vm/prims/jvm.cpp:1171
Event: 0.749 Thread 0x00007fefb4913800 Threw 0x00000007e7a94ea8 at /HUDSON/workspace/jdk7u12-2-build-macosx-amd64-product/jdk7u12/hotspot/src/share/vm/prims/jvm.cpp:1171
Event: 0.749 Thread 0x00007fefb4913800 Threw 0x00000007e7a99668 at /HUDSON/workspace/jdk7u12-2-build-macosx-amd64-product/jdk7u12/hotspot/src/share/vm/prims/jvm.cpp:1171
Event: 0.749 Thread 0x00007fefb4913800 Threw 0x00000007e7a9f6d0 at /HUDSON/workspace/jdk7u12-2-build-macosx-amd64-product/jdk7u12/hotspot/src/share/vm/prims/jvm.cpp:1171
Event: 0.750 Thread 0x00007fefb4913800 Threw 0x00000007e7aa2c98 at /HUDSON/workspace/jdk7u12-2-build-macosx-amd64-product/jdk7u12/hotspot/src/share/vm/prims/jvm.cpp:1171
Event: 0.750 Thread 0x00007fefb4913800 Threw 0x00000007e7aa6618 at /HUDSON/workspace/jdk7u12-2-build-macosx-amd64-product/jdk7u12/hotspot/src/share/vm/prims/jvm.cpp:1171
Event: 0.752 Thread 0x00007fefb4913800 Threw 0x00000007e7aae850 at /HUDSON/workspace/jdk7u12-2-build-macosx-amd64-product/jdk7u12/hotspot/src/share/vm/prims/jvm.cpp:1171
Event: 0.753 Thread 0x00007fefb4913800 Threw 0x00000007e7ab34a8 at /HUDSON/workspace/jdk7u12-2-build-macosx-amd64-product/jdk7u12/hotspot/src/share/vm/prims/jvm.cpp:1171

Events (10 events):
Event: 0.752 loading class 0x000000011fa3ca10
Event: 0.752 loading class 0x000000011fa3ca10 done
Event: 0.752 loading class 0x00007fefb6ae2330
Event: 0.752 loading class 0x00007fefb6ae2330 done
Event: 0.753 loading class 0x00007fefb92d3ec0
Event: 0.753 loading class 0x00007fefb92d3ec0 done
Event: 0.753 loading class 0x000000011fa1d520
Event: 0.753 loading class 0x000000011fa1d520 done
Event: 4.072 Executing VM operation: EnableBiasedLocking
Event: 4.072 Executing VM operation: EnableBiasedLocking done


Dynamic libraries:
0x000000010fca5000 	/System/Library/Frameworks/Python.framework/Versions/2.7/Python
0x0000000008d8f000 	/usr/lib/libSystem.B.dylib
0x0000000008d8f000 	/System/Library/Frameworks/CoreFoundation.framework/Versions/A/CoreFoundation
0x0000000008d8f000 	/usr/lib/system/libcache.dylib
0x0000000008d8f000 	/usr/lib/system/libcommonCrypto.dylib
0x0000000008d8f000 	/usr/lib/system/libcompiler_rt.dylib
0x0000000008d8f000 	/usr/lib/system/libcopyfile.dylib
0x0000000008d8f000 	/usr/lib/system/libcorecrypto.dylib
0x0000000008d8f000 	/usr/lib/system/libdispatch.dylib
0x0000000008d8f000 	/usr/lib/system/libdyld.dylib
0x0000000008d8f000 	/usr/lib/system/libkeymgr.dylib
0x0000000008d8f000 	/usr/lib/system/liblaunch.dylib
0x0000000008d8f000 	/usr/lib/system/libmacho.dylib
0x0000000008d8f000 	/usr/lib/system/libquarantine.dylib
0x0000000008d8f000 	/usr/lib/system/libremovefile.dylib
0x0000000008d8f000 	/usr/lib/system/libsystem_asl.dylib
0x0000000008d8f000 	/usr/lib/system/libsystem_blocks.dylib
0x0000000008d8f000 	/usr/lib/system/libsystem_c.dylib
0x0000000008d8f000 	/usr/lib/system/libsystem_configuration.dylib
0x0000000008d8f000 	/usr/lib/system/libsystem_dnssd.dylib
0x0000000008d8f000 	/usr/lib/system/libsystem_info.dylib
0x0000000008d8f000 	/usr/lib/system/libsystem_kernel.dylib
0x0000000008d8f000 	/usr/lib/system/libsystem_m.dylib
0x0000000008d8f000 	/usr/lib/system/libsystem_malloc.dylib
0x0000000008d8f000 	/usr/lib/system/libsystem_network.dylib
0x0000000008d8f000 	/usr/lib/system/libsystem_notify.dylib
0x0000000008d8f000 	/usr/lib/system/libsystem_platform.dylib
0x0000000008d8f000 	/usr/lib/system/libsystem_pthread.dylib
0x0000000008d8f000 	/usr/lib/system/libsystem_sandbox.dylib
0x0000000008d8f000 	/usr/lib/system/libsystem_stats.dylib
0x0000000008d8f000 	/usr/lib/system/libunc.dylib
0x0000000008d8f000 	/usr/lib/system/libunwind.dylib
0x0000000008d8f000 	/usr/lib/system/libxpc.dylib
0x0000000008d8f000 	/usr/lib/libobjc.A.dylib
0x0000000008d8f000 	/usr/lib/libauto.dylib
0x0000000008d8f000 	/usr/lib/libc++abi.dylib
0x0000000008d8f000 	/usr/lib/libc++.1.dylib
0x0000000008d8f000 	/usr/lib/libDiagnosticMessagesClient.dylib
0x0000000008d8f000 	/usr/lib/libicucore.A.dylib
0x0000000008d8f000 	/usr/lib/libz.1.dylib
0x000000010ff98000 	/System/Library/Frameworks/Python.framework/Versions/2.7/lib/python2.7/lib-dynload/_collections.so
0x000000010ffa0000 	/System/Library/Frameworks/Python.framework/Versions/2.7/lib/python2.7/lib-dynload/operator.so
0x000000010ffa9000 	/System/Library/Frameworks/Python.framework/Versions/2.7/lib/python2.7/lib-dynload/itertools.so
0x000000010ffb6000 	/System/Library/Frameworks/Python.framework/Versions/2.7/lib/python2.7/lib-dynload/_heapq.so
0x000000010ffbc000 	/System/Library/Frameworks/Python.framework/Versions/2.7/lib/python2.7/lib-dynload/time.so
0x000000010ffc4000 	/System/Library/Frameworks/Python.framework/Versions/2.7/lib/python2.7/lib-dynload/cStringIO.so
0x000000010ffca000 	/System/Library/Frameworks/Python.framework/Versions/2.7/lib/python2.7/lib-dynload/_struct.so
0x000000010ffd3000 	/System/Library/Frameworks/Python.framework/Versions/2.7/lib/python2.7/lib-dynload/binascii.so
0x000000010ffd9000 	/System/Library/Frameworks/Python.framework/Versions/2.7/lib/python2.7/lib-dynload/_hashlib.so
0x0000000008d8f000 	/usr/lib/libssl.0.9.8.dylib
0x0000000008d8f000 	/usr/lib/libcrypto.0.9.8.dylib
0x0000000008d8f000 	/System/Library/PrivateFrameworks/TrustEvaluationAgent.framework/Versions/A/TrustEvaluationAgent
0x000000011001f000 	/System/Library/Frameworks/Python.framework/Versions/2.7/lib/python2.7/lib-dynload/strop.so
0x0000000110028000 	/System/Library/Frameworks/Python.framework/Versions/2.7/lib/python2.7/lib-dynload/_socket.so
0x0000000110039000 	/System/Library/Frameworks/Python.framework/Versions/2.7/lib/python2.7/lib-dynload/_functools.so
0x000000011003e000 	/System/Library/Frameworks/Python.framework/Versions/2.7/lib/python2.7/lib-dynload/_ssl.so
0x0000000110087000 	/System/Library/Frameworks/Python.framework/Versions/2.7/lib/python2.7/lib-dynload/_scproxy.so
0x0000000008d8f000 	/System/Library/Frameworks/SystemConfiguration.framework/Versions/A/SystemConfiguration
0x0000000008d8f000 	/usr/lib/libbsm.0.dylib
0x000000011008c000 	/System/Library/Frameworks/Python.framework/Versions/2.7/lib/python2.7/lib-dynload/array.so
0x00000001100d6000 	/System/Library/Frameworks/Python.framework/Versions/2.7/lib/python2.7/lib-dynload/_io.so
0x00000001101b3000 	/System/Library/Frameworks/Python.framework/Versions/2.7/lib/python2.7/lib-dynload/math.so
0x00000001101bc000 	/System/Library/Frameworks/Python.framework/Versions/2.7/lib/python2.7/lib-dynload/_random.so
0x00000001101c1000 	/System/Library/Frameworks/Python.framework/Versions/2.7/lib/python2.7/lib-dynload/fcntl.so
0x00000001101c6000 	/System/Library/Frameworks/Python.framework/Versions/2.7/lib/python2.7/lib-dynload/_bisect.so
0x00000001101ca000 	/System/Library/Frameworks/Python.framework/Versions/2.7/lib/python2.7/lib-dynload/cPickle.so
0x000000011021b000 	/System/Library/Frameworks/Python.framework/Versions/2.7/lib/python2.7/lib-dynload/select.so
0x0000000110223000 	/System/Library/Frameworks/Python.framework/Versions/2.7/lib/python2.7/lib-dynload/datetime.so
0x0000000110275000 	/System/Library/Frameworks/Python.framework/Versions/2.7/lib/python2.7/lib-dynload/_locale.so
0x000000011027a000 	/System/Library/Frameworks/Python.framework/Versions/2.7/lib/python2.7/lib-dynload/_json.so
0x00000001103c3000 	/System/Library/Frameworks/Python.framework/Versions/2.7/lib/python2.7/lib-dynload/grp.so
0x0000000110447000 	/System/Library/Frameworks/Python.framework/Versions/2.7/lib/python2.7/lib-dynload/_elementtree.so
0x0000000008d8f000 	/usr/lib/libexpat.1.dylib
0x0000000110491000 	/System/Library/Frameworks/Python.framework/Versions/2.7/lib/python2.7/lib-dynload/pyexpat.so
0x000000011051b000 	/System/Library/Frameworks/Python.framework/Versions/2.7/Extras/lib/python/numpy/core/multiarray.so
0x00000001105d0000 	/System/Library/Frameworks/Python.framework/Versions/2.7/Extras/lib/python/numpy/core/umath.so
0x0000000110612000 	/System/Library/Frameworks/Python.framework/Versions/2.7/Extras/lib/python/numpy/core/_sort.so
0x0000000110668000 	/System/Library/Frameworks/Python.framework/Versions/2.7/Extras/lib/python/numpy/core/_dotblas.so
0x0000000008d8f000 	/System/Library/Frameworks/Accelerate.framework/Versions/A/Accelerate
0x0000000008d8f000 	/System/Library/Frameworks/Accelerate.framework/Versions/A/Frameworks/vImage.framework/Versions/A/vImage
0x0000000008d8f000 	/System/Library/Frameworks/Accelerate.framework/Versions/A/Frameworks/vecLib.framework/Versions/A/vecLib
0x0000000008d8f000 	/System/Library/Frameworks/Accelerate.framework/Versions/A/Frameworks/vecLib.framework/Versions/A/libvDSP.dylib
0x0000000008d8f000 	/System/Library/Frameworks/Accelerate.framework/Versions/A/Frameworks/vecLib.framework/Versions/A/libvMisc.dylib
0x0000000008d8f000 	/System/Library/Frameworks/Accelerate.framework/Versions/A/Frameworks/vecLib.framework/Versions/A/libLAPACK.dylib
0x0000000008d8f000 	/System/Library/Frameworks/Accelerate.framework/Versions/A/Frameworks/vecLib.framework/Versions/A/libBLAS.dylib
0x000000011066f000 	/System/Library/Frameworks/Python.framework/Versions/2.7/Extras/lib/python/numpy/core/scalarmath.so
0x000000011070e000 	/System/Library/Frameworks/Python.framework/Versions/2.7/Extras/lib/python/numpy/lib/_compiled_base.so
0x0000000110756000 	/System/Library/Frameworks/Python.framework/Versions/2.7/Extras/lib/python/numpy/linalg/lapack_lite.so
0x000000011079d000 	/System/Library/Frameworks/Python.framework/Versions/2.7/Extras/lib/python/numpy/fft/fftpack_lite.so
0x00000001108a8000 	/System/Library/Frameworks/Python.framework/Versions/2.7/Extras/lib/python/numpy/random/mtrand.so
0x000000011090d000 	/System/Library/Frameworks/Python.framework/Versions/2.7/lib/python2.7/lib-dynload/_ctypes.so
0x0000000008d8f000 	/usr/lib/libffi.dylib
0x0000000110927000 	/System/Library/Frameworks/Python.framework/Versions/2.7/Extras/lib/python/scipy/special/_cephes.so
0x0000000110a0d000 	/System/Library/Frameworks/Python.framework/Versions/2.7/Extras/lib/python/scipy/special/specfun.so
0x0000000110aae000 	/System/Library/Frameworks/Python.framework/Versions/2.7/Extras/lib/python/scipy/special/orthogonal_eval.so
0x0000000110ac0000 	/System/Library/Frameworks/Python.framework/Versions/2.7/Extras/lib/python/scipy/special/lambertw.so
0x0000000110ac9000 	/System/Library/Frameworks/Python.framework/Versions/2.7/Extras/lib/python/scipy/special/_logit.so
0x0000000110ad0000 	/System/Library/Frameworks/Python.framework/Versions/2.7/Extras/lib/python/scipy/linalg/fblas.so
0x0000000110b08000 	/System/Library/Frameworks/Python.framework/Versions/2.7/Extras/lib/python/scipy/linalg/_flinalg.so
0x0000000110b16000 	/System/Library/Frameworks/Python.framework/Versions/2.7/Extras/lib/python/scipy/linalg/flapack.so
0x0000000110b9c000 	/System/Library/Frameworks/Python.framework/Versions/2.7/Extras/lib/python/scipy/linalg/clapack.so
0x0000000110ba3000 	/System/Library/Frameworks/Python.framework/Versions/2.7/Extras/lib/python/scipy/linalg/calc_lwork.so
0x0000000110bb0000 	/System/Library/Frameworks/Python.framework/Versions/2.7/Extras/lib/python/scipy/linalg/cblas.so
0x0000000110bf7000 	/System/Library/Frameworks/Python.framework/Versions/2.7/Extras/lib/python/scipy/stats/futil.so
0x0000000110c7f000 	/System/Library/Frameworks/Python.framework/Versions/2.7/Extras/lib/python/scipy/optimize/minpack2.so
0x0000000110c89000 	/System/Library/Frameworks/Python.framework/Versions/2.7/Extras/lib/python/scipy/optimize/_lbfgsb.so
0x0000000110ca9000 	/System/Library/Frameworks/Python.framework/Versions/2.7/Extras/lib/python/scipy/optimize/moduleTNC.so
0x0000000110cb2000 	/System/Library/Frameworks/Python.framework/Versions/2.7/Extras/lib/python/scipy/optimize/_cobyla.so
0x0000000110cce000 	/System/Library/Frameworks/Python.framework/Versions/2.7/Extras/lib/python/scipy/optimize/_slsqp.so
0x0000000110d1d000 	/System/Library/Frameworks/Python.framework/Versions/2.7/Extras/lib/python/scipy/optimize/_minpack.so
0x0000000110d2c000 	/System/Library/Frameworks/Python.framework/Versions/2.7/Extras/lib/python/scipy/sparse/sparsetools/_csr.so
0x0000000110e11000 	/System/Library/Frameworks/Python.framework/Versions/2.7/Extras/lib/python/scipy/sparse/sparsetools/_csc.so
0x0000000110e9c000 	/System/Library/Frameworks/Python.framework/Versions/2.7/Extras/lib/python/scipy/sparse/sparsetools/_coo.so
0x0000000110ec6000 	/System/Library/Frameworks/Python.framework/Versions/2.7/Extras/lib/python/scipy/sparse/sparsetools/_dia.so
0x0000000110f16000 	/System/Library/Frameworks/Python.framework/Versions/2.7/Extras/lib/python/scipy/sparse/sparsetools/_bsr.so
0x0000000111010000 	/System/Library/Frameworks/Python.framework/Versions/2.7/Extras/lib/python/scipy/sparse/sparsetools/_csgraph.so
0x0000000111019000 	/System/Library/Frameworks/Python.framework/Versions/2.7/Extras/lib/python/scipy/sparse/csgraph/_shortest_path.so
0x0000000111044000 	/System/Library/Frameworks/Python.framework/Versions/2.7/Extras/lib/python/scipy/sparse/csgraph/_tools.so
0x000000011105d000 	/System/Library/Frameworks/Python.framework/Versions/2.7/Extras/lib/python/scipy/sparse/csgraph/_traversal.so
0x0000000111078000 	/System/Library/Frameworks/Python.framework/Versions/2.7/Extras/lib/python/scipy/sparse/csgraph/_min_spanning_tree.so
0x0000000111087000 	/System/Library/Frameworks/Python.framework/Versions/2.7/Extras/lib/python/scipy/sparse/linalg/isolve/_iterative.so
0x00000001110fb000 	/System/Library/Frameworks/Python.framework/Versions/2.7/Extras/lib/python/scipy/sparse/linalg/dsolve/_superlu.so
0x0000000111142000 	/System/Library/Frameworks/Python.framework/Versions/2.7/Extras/lib/python/scipy/sparse/linalg/eigen/arpack/_arpack.so
0x00000001111f0000 	/System/Library/Frameworks/Python.framework/Versions/2.7/Extras/lib/python/scipy/optimize/_zeros.so
0x00000001111f5000 	/System/Library/Frameworks/Python.framework/Versions/2.7/Extras/lib/python/scipy/optimize/_nnls.so
0x0000000111206000 	/System/Library/Frameworks/Python.framework/Versions/2.7/Extras/lib/python/scipy/integrate/_odepack.so
0x0000000111239000 	/System/Library/Frameworks/Python.framework/Versions/2.7/Extras/lib/python/scipy/integrate/_quadpack.so
0x0000000111258000 	/System/Library/Frameworks/Python.framework/Versions/2.7/Extras/lib/python/scipy/integrate/vode.so
0x0000000111281000 	/System/Library/Frameworks/Python.framework/Versions/2.7/Extras/lib/python/scipy/integrate/_dop.so
0x00000001112a0000 	/System/Library/Frameworks/Python.framework/Versions/2.7/Extras/lib/python/scipy/stats/vonmises_cython.so
0x00000001112ae000 	/System/Library/Frameworks/Python.framework/Versions/2.7/Extras/lib/python/scipy/interpolate/_fitpack.so
0x00000001112d7000 	/System/Library/Frameworks/Python.framework/Versions/2.7/Extras/lib/python/scipy/interpolate/dfitpack.so
0x000000011131e000 	/System/Library/Frameworks/Python.framework/Versions/2.7/Extras/lib/python/scipy/interpolate/interpnd.so
0x0000000111383000 	/System/Library/Frameworks/Python.framework/Versions/2.7/Extras/lib/python/scipy/spatial/ckdtree.so
0x0000000111395000 	/System/Library/Frameworks/Python.framework/Versions/2.7/Extras/lib/python/scipy/spatial/qhull.so
0x0000000111400000 	/System/Library/Frameworks/Python.framework/Versions/2.7/Extras/lib/python/scipy/spatial/_distance_wrap.so
0x000000011144b000 	/System/Library/Frameworks/Python.framework/Versions/2.7/Extras/lib/python/scipy/stats/_rank.so
0x000000011145c000 	/System/Library/Frameworks/Python.framework/Versions/2.7/Extras/lib/python/scipy/stats/statlib.so
0x0000000111467000 	/System/Library/Frameworks/Python.framework/Versions/2.7/Extras/lib/python/scipy/stats/mvn.so
0x00000001116b7000 	/System/Library/Frameworks/Python.framework/Versions/2.7/lib/python2.7/lib-dynload/_tkinter.so
0x00000001116c4000 	/System/Library/Frameworks/Tcl.framework/Versions/8.5/Tcl
0x00000001117a9000 	/System/Library/Frameworks/Tk.framework/Versions/8.5/Tk
0x0000000008d8f000 	/System/Library/Frameworks/Cocoa.framework/Versions/A/Cocoa
0x0000000008d8f000 	/System/Library/Frameworks/Carbon.framework/Versions/A/Carbon
0x0000000008d8f000 	/System/Library/Frameworks/IOKit.framework/Versions/A/IOKit
0x0000000008d8f000 	/System/Library/Frameworks/CoreText.framework/Versions/A/CoreText
0x0000000008d8f000 	/System/Library/Frameworks/CoreGraphics.framework/Versions/A/CoreGraphics
0x0000000008d8f000 	/System/Library/Frameworks/ApplicationServices.framework/Versions/A/ApplicationServices
0x0000000008d8f000 	/System/Library/Frameworks/AppKit.framework/Versions/C/AppKit
0x0000000008d8f000 	/System/Library/Frameworks/CoreServices.framework/Versions/A/CoreServices
0x0000000008d8f000 	/System/Library/Frameworks/Foundation.framework/Versions/C/Foundation
0x0000000008d8f000 	/System/Library/Frameworks/CoreData.framework/Versions/A/CoreData
0x0000000008d8f000 	/System/Library/PrivateFrameworks/RemoteViewServices.framework/Versions/A/RemoteViewServices
0x0000000008d8f000 	/System/Library/Frameworks/AudioToolbox.framework/Versions/A/AudioToolbox
0x0000000008d8f000 	/System/Library/Frameworks/AudioUnit.framework/Versions/A/AudioUnit
0x0000000008d8f000 	/System/Library/PrivateFrameworks/DataDetectorsCore.framework/Versions/A/DataDetectorsCore
0x0000000008d8f000 	/System/Library/PrivateFrameworks/DesktopServicesPriv.framework/Versions/A/DesktopServicesPriv
0x0000000008d8f000 	/System/Library/Frameworks/Carbon.framework/Versions/A/Frameworks/HIToolbox.framework/Versions/A/HIToolbox
0x0000000008d8f000 	/System/Library/Frameworks/QuartzCore.framework/Versions/A/QuartzCore
0x0000000008d8f000 	/System/Library/Frameworks/Security.framework/Versions/A/Security
0x0000000008d8f000 	/System/Library/Frameworks/Carbon.framework/Versions/A/Frameworks/SpeechRecognition.framework/Versions/A/SpeechRecognition
0x0000000008d8f000 	/usr/lib/libxml2.2.dylib
0x0000000008d8f000 	/System/Library/PrivateFrameworks/CoreUI.framework/Versions/A/CoreUI
0x0000000008d8f000 	/System/Library/Frameworks/CoreAudio.framework/Versions/A/CoreAudio
0x0000000008d8f000 	/System/Library/Frameworks/DiskArbitration.framework/Versions/A/DiskArbitration
0x0000000008d8f000 	/usr/lib/liblangid.dylib
0x0000000008d8f000 	/System/Library/PrivateFrameworks/MultitouchSupport.framework/Versions/A/MultitouchSupport
0x0000000008d8f000 	/System/Library/PrivateFrameworks/PerformanceAnalysis.framework/Versions/A/PerformanceAnalysis
0x0000000008d8f000 	/System/Library/PrivateFrameworks/GenerationalStorage.framework/Versions/A/GenerationalStorage
0x0000000008d8f000 	/System/Library/Frameworks/OpenGL.framework/Versions/A/OpenGL
0x0000000008d8f000 	/System/Library/PrivateFrameworks/Sharing.framework/Versions/A/Sharing
0x0000000008d8f000 	/System/Library/Frameworks/ImageIO.framework/Versions/A/ImageIO
0x0000000008d8f000 	/System/Library/PrivateFrameworks/Backup.framework/Versions/A/Backup
0x0000000008d8f000 	/System/Library/Frameworks/CFNetwork.framework/Versions/A/CFNetwork
0x0000000008d8f000 	/usr/lib/libCRFSuite.dylib
0x0000000008d8f000 	/usr/lib/libsqlite3.dylib
0x0000000008d8f000 	/usr/lib/libxar.1.dylib
0x0000000008d8f000 	/usr/lib/libpam.2.dylib
0x0000000008d8f000 	/usr/lib/libOpenScriptingUtil.dylib
0x0000000008d8f000 	/usr/lib/libbz2.1.0.dylib
0x0000000008d8f000 	/System/Library/Frameworks/CoreServices.framework/Versions/A/Frameworks/CarbonCore.framework/Versions/A/CarbonCore
0x0000000008d8f000 	/System/Library/Frameworks/CoreServices.framework/Versions/A/Frameworks/Metadata.framework/Versions/A/Metadata
0x0000000008d8f000 	/System/Library/Frameworks/CoreServices.framework/Versions/A/Frameworks/OSServices.framework/Versions/A/OSServices
0x0000000008d8f000 	/System/Library/Frameworks/CoreServices.framework/Versions/A/Frameworks/SearchKit.framework/Versions/A/SearchKit
0x0000000008d8f000 	/System/Library/Frameworks/CoreServices.framework/Versions/A/Frameworks/AE.framework/Versions/A/AE
0x0000000008d8f000 	/System/Library/Frameworks/CoreServices.framework/Versions/A/Frameworks/LaunchServices.framework/Versions/A/LaunchServices
0x0000000008d8f000 	/System/Library/Frameworks/CoreServices.framework/Versions/A/Frameworks/DictionaryServices.framework/Versions/A/DictionaryServices
0x0000000008d8f000 	/System/Library/Frameworks/NetFS.framework/Versions/A/NetFS
0x0000000008d8f000 	/usr/lib/system/libkxld.dylib
0x0000000008d8f000 	/System/Library/PrivateFrameworks/NetAuth.framework/Versions/A/NetAuth
0x0000000008d8f000 	/System/Library/PrivateFrameworks/TCC.framework/Versions/A/TCC
0x0000000008d8f000 	/System/Library/Frameworks/OpenDirectory.framework/Versions/A/Frameworks/CFOpenDirectory.framework/Versions/A/CFOpenDirectory
0x0000000008d8f000 	/System/Library/Frameworks/ServiceManagement.framework/Versions/A/ServiceManagement
0x0000000008d8f000 	/usr/lib/libxslt.1.dylib
0x0000000008d8f000 	/System/Library/Frameworks/Carbon.framework/Versions/A/Frameworks/Ink.framework/Versions/A/Ink
0x0000000008d8f000 	/System/Library/Frameworks/ApplicationServices.framework/Versions/A/Frameworks/ATS.framework/Versions/A/ATS
0x0000000008d8f000 	/System/Library/Frameworks/ApplicationServices.framework/Versions/A/Frameworks/ColorSync.framework/Versions/A/ColorSync
0x0000000008d8f000 	/System/Library/Frameworks/ApplicationServices.framework/Versions/A/Frameworks/HIServices.framework/Versions/A/HIServices
0x0000000008d8f000 	/System/Library/Frameworks/ApplicationServices.framework/Versions/A/Frameworks/LangAnalysis.framework/Versions/A/LangAnalysis
0x0000000008d8f000 	/System/Library/Frameworks/ApplicationServices.framework/Versions/A/Frameworks/PrintCore.framework/Versions/A/PrintCore
0x0000000008d8f000 	/System/Library/Frameworks/ApplicationServices.framework/Versions/A/Frameworks/QD.framework/Versions/A/QD
0x0000000008d8f000 	/System/Library/Frameworks/ApplicationServices.framework/Versions/A/Frameworks/SpeechSynthesis.framework/Versions/A/SpeechSynthesis
0x0000000008d8f000 	/System/Library/Frameworks/IOSurface.framework/Versions/A/IOSurface
0x0000000008d8f000 	/System/Library/Frameworks/ApplicationServices.framework/Versions/A/Frameworks/ATS.framework/Versions/A/Resources/libFontParser.dylib
0x0000000008d8f000 	/System/Library/Frameworks/ApplicationServices.framework/Versions/A/Frameworks/ATS.framework/Versions/A/Resources/libFontRegistry.dylib
0x0000000008d8f000 	/System/Library/Frameworks/ImageIO.framework/Versions/A/Resources/libJPEG.dylib
0x0000000008d8f000 	/System/Library/Frameworks/ImageIO.framework/Versions/A/Resources/libTIFF.dylib
0x0000000008d8f000 	/System/Library/Frameworks/ImageIO.framework/Versions/A/Resources/libPng.dylib
0x0000000008d8f000 	/System/Library/Frameworks/ImageIO.framework/Versions/A/Resources/libGIF.dylib
0x0000000008d8f000 	/System/Library/Frameworks/ImageIO.framework/Versions/A/Resources/libJP2.dylib
0x0000000008d8f000 	/System/Library/Frameworks/ImageIO.framework/Versions/A/Resources/libRadiance.dylib
0x0000000008d8f000 	/usr/lib/libcups.2.dylib
0x0000000008d8f000 	/System/Library/Frameworks/Kerberos.framework/Versions/A/Kerberos
0x0000000008d8f000 	/System/Library/Frameworks/GSS.framework/Versions/A/GSS
0x0000000008d8f000 	/usr/lib/libresolv.9.dylib
0x0000000008d8f000 	/usr/lib/libiconv.2.dylib
0x0000000008d8f000 	/System/Library/PrivateFrameworks/Heimdal.framework/Versions/A/Heimdal
0x0000000008d8f000 	/usr/lib/libheimdal-asn1.dylib
0x0000000008d8f000 	/System/Library/Frameworks/OpenDirectory.framework/Versions/A/OpenDirectory
0x0000000008d8f000 	/System/Library/PrivateFrameworks/CommonAuth.framework/Versions/A/CommonAuth
0x0000000008d8f000 	/System/Library/Frameworks/SecurityFoundation.framework/Versions/A/SecurityFoundation
0x0000000008d8f000 	/System/Library/PrivateFrameworks/Bom.framework/Versions/A/Bom
0x0000000008d8f000 	/System/Library/Frameworks/CoreVideo.framework/Versions/A/CoreVideo
0x0000000008d8f000 	/System/Library/Frameworks/QuartzCore.framework/Versions/A/Frameworks/CoreImage.framework/Versions/A/CoreImage
0x0000000008d8f000 	/System/Library/Frameworks/QuartzCore.framework/Versions/A/Frameworks/ScalableUserInterface.framework/Versions/A/ScalableUserInterface
0x0000000008d8f000 	/System/Library/Frameworks/OpenGL.framework/Versions/A/Libraries/libGLU.dylib
0x0000000008d8f000 	/System/Library/Frameworks/OpenGL.framework/Versions/A/Libraries/libGFXShared.dylib
0x0000000008d8f000 	/System/Library/Frameworks/OpenGL.framework/Versions/A/Libraries/libGL.dylib
0x0000000008d8f000 	/System/Library/Frameworks/OpenGL.framework/Versions/A/Libraries/libGLImage.dylib
0x0000000008d8f000 	/System/Library/Frameworks/OpenGL.framework/Versions/A/Libraries/libCVMSPluginSupport.dylib
0x0000000008d8f000 	/System/Library/Frameworks/OpenGL.framework/Versions/A/Libraries/libCoreVMClient.dylib
0x0000000008d8f000 	/System/Library/PrivateFrameworks/FaceCore.framework/Versions/A/FaceCore
0x0000000008d8f000 	/System/Library/PrivateFrameworks/CrashReporterSupport.framework/Versions/A/CrashReporterSupport
0x0000000008d8f000 	/System/Library/Frameworks/OpenCL.framework/Versions/A/OpenCL
0x0000000008d8f000 	/System/Library/PrivateFrameworks/AppleFSCompression.framework/Versions/A/AppleFSCompression
0x0000000008d8f000 	/System/Library/PrivateFrameworks/Ubiquity.framework/Versions/A/Ubiquity
0x0000000008d8f000 	/System/Library/PrivateFrameworks/IconServices.framework/Versions/A/IconServices
0x0000000008d8f000 	/System/Library/PrivateFrameworks/ChunkingLibrary.framework/Versions/A/ChunkingLibrary
0x0000000008d8f000 	/System/Library/PrivateFrameworks/CoreSymbolication.framework/Versions/A/CoreSymbolication
0x0000000008d8f000 	/System/Library/PrivateFrameworks/Symbolication.framework/Versions/A/Symbolication
0x0000000008d8f000 	/System/Library/PrivateFrameworks/DebugSymbols.framework/Versions/A/DebugSymbols
0x0000000008d8f000 	/System/Library/Frameworks/Carbon.framework/Versions/A/Frameworks/CommonPanels.framework/Versions/A/CommonPanels
0x0000000008d8f000 	/System/Library/Frameworks/Carbon.framework/Versions/A/Frameworks/Help.framework/Versions/A/Help
0x0000000008d8f000 	/System/Library/Frameworks/Carbon.framework/Versions/A/Frameworks/ImageCapture.framework/Versions/A/ImageCapture
0x0000000008d8f000 	/System/Library/Frameworks/Carbon.framework/Versions/A/Frameworks/OpenScripting.framework/Versions/A/OpenScripting
0x0000000008d8f000 	/System/Library/Frameworks/Carbon.framework/Versions/A/Frameworks/Print.framework/Versions/A/Print
0x0000000008d8f000 	/System/Library/Frameworks/Carbon.framework/Versions/A/Frameworks/SecurityHI.framework/Versions/A/SecurityHI
0x00000001119d5000 	/System/Library/Frameworks/Python.framework/Versions/2.7/lib/python2.7/lib-dynload/zlib.so
0x00000001131ac000 	/Library/Python/2.7/site-packages/lucene-3.6.2-py2.7-macosx-10.9-intel.egg/lucene/_lucene.so
0x00000001119dd000 	/Library/Python/2.7/site-packages/JCC-2.18-py2.7-macosx-10.9-intel.egg/libjcc.dylib
0x00000001141fb000 	/Library/Java/JavaVirtualMachines/jdk1.7.0_12.jdk/Contents/Home/jre/lib/libjava.dylib
0x000000011422b000 	/Library/Java/JavaVirtualMachines/jdk1.7.0_12.jdk/Contents/Home/jre/lib/server/libjvm.dylib
0x00000001119ec000 	/Library/Java/JavaVirtualMachines/jdk1.7.0_12.jdk/Contents/Home/jre/lib/./libverify.dylib
0x0000000008d8f000 	/usr/lib/libstdc++.6.dylib
0x0000000114ef8000 	/Library/Python/2.7/site-packages/JCC-2.18-py2.7-macosx-10.9-intel.egg/jcc/_jcc.so
0x0000000112ad4000 	/Library/Java/JavaVirtualMachines/jdk1.7.0_12.jdk/Contents/Home/jre/lib/libzip.dylib
0x0000000121b0c000 	/System/Library/Frameworks/JavaVM.framework/Frameworks/JavaRuntimeSupport.framework/JavaRuntimeSupport
0x0000000121b24000 	/System/Library/Frameworks/JavaVM.framework/Versions/A/Frameworks/JavaNativeFoundation.framework/Versions/A/JavaNativeFoundation
0x0000000112add000 	/System/Library/Frameworks/JavaVM.framework/Versions/A/JavaVM
0x0000000121b38000 	/System/Library/PrivateFrameworks/JavaLaunching.framework/Versions/A/JavaLaunching
0x0000000123847000 	/Library/Java/JavaVirtualMachines/jdk1.7.0_12.jdk/Contents/Home/jre/lib/libnio.dylib
0x0000000123856000 	/Library/Java/JavaVirtualMachines/jdk1.7.0_12.jdk/Contents/Home/jre/lib/./libnet.dylib
0x00000001238f3000 	/Library/Java/JavaVirtualMachines/jdk1.7.0_12.jdk/Contents/Home/jre/lib/libmanagement.dylib

VM Arguments:
java_command: <unknown>
Launcher Type: generic

Environment Variables:
PATH=/opt/local/bin:/opt/local/sbin:/Users/soerenkroell/.rvm/gems/ruby-1.9.3-head/bin:/Users/soerenkroell/.rvm/gems/ruby-1.9.3-head@global/bin:/Users/soerenkroell/.rvm/rubies/ruby-1.9.3-head/bin:/Users/soerenkroell/.rvm/bin:/usr/bin:/bin:/usr/sbin:/sbin:/usr/local/bin:/opt/X11/bin:/usr/local/git/bin:/usr/texbin
SHELL=/bin/bash
DISPLAY=/tmp/launch-HWsHou/org.macosforge.xquartz:0

Signal Handlers:
SIGSEGV: [libjvm.dylib+0x4ec6fb], sa_mask[0]=0xfffefeff, sa_flags=0x00000042
SIGBUS: [libjvm.dylib+0x4ec6fb], sa_mask[0]=0xfffefeff, sa_flags=0x00000042
SIGFPE: [libjvm.dylib+0x3e5f50], sa_mask[0]=0xfffefeff, sa_flags=0x00000042
SIGPIPE: [libjvm.dylib+0x3e5f50], sa_mask[0]=0xfffefeff, sa_flags=0x00000042
SIGXFSZ: [libjvm.dylib+0x3e5f50], sa_mask[0]=0xfffefeff, sa_flags=0x00000042
SIGILL: [libjvm.dylib+0x3e5f50], sa_mask[0]=0xfffefeff, sa_flags=0x00000042
SIGUSR1: [Python+0xb2043], sa_mask[0]=0x00000000, sa_flags=0x00000000
SIGUSR2: [libjvm.dylib+0x3e5aec], sa_mask[0]=0x00000000, sa_flags=0x00000042
SIGHUP: [libjvm.dylib+0x3e3f63], sa_mask[0]=0xfffefeff, sa_flags=0x00000042
SIGINT: [libjvm.dylib+0x3e3f63], sa_mask[0]=0xfffefeff, sa_flags=0x00000042
SIGTERM: [libjvm.dylib+0x3e3f63], sa_mask[0]=0xfffefeff, sa_flags=0x00000042
SIGQUIT: [libjvm.dylib+0x3e3f63], sa_mask[0]=0xfffefeff, sa_flags=0x00000042


---------------  S Y S T E M  ---------------

OS:Bsduname:Darwin 13.0.0 Darwin Kernel Version 13.0.0: Thu Sep 19 22:22:27 PDT 2013; root:xnu-2422.1.72~6/RELEASE_X86_64 x86_64
rlimit: STACK 8192k, CORE 0k, NPROC 709, NOFILE 10240, AS infinity
load average:1.33 1.29 1.24

CPU:total 8 (4 cores per cpu, 2 threads per core) family 6 model 58 stepping 9, cmov, cx8, fxsr, mmx, sse, sse2, sse3, ssse3, sse4.1, sse4.2, popcnt, avx, aes, ht, tsc, tscinvbit, tscinv

Memory: 4k page, physical 4885228k(1221307k free)

/proc/meminfo:


vm_info: Java HotSpot(TM) 64-Bit Server VM (24.0-b28) for bsd-amd64 JRE (1.7.0_12-ea-b08), built on Jan  3 2013 02:13:57 by "java_re" with gcc 4.2.1 (Based on Apple Inc. build 5658) (LLVM build 2336.9.00)

time: Sat Jan 11 21:44:10 2014
elapsed time: 26 seconds

